Flow report for Lab1
Sat Sep  4 16:44:40 2021
Quartus II 64-Bit Version 13.0.1 Build 232 06/12/2013 Service Pack 1 SJ Web Edition


---------------------
; Table of Contents ;
---------------------
  1. Legal Notice
  2. Flow Summary
  3. Flow Settings
  4. Flow Non-Default Global Settings
  5. Flow Elapsed Time
  6. Flow OS Summary
  7. Flow Log
  8. Flow Messages
  9. Flow Suppressed Messages



----------------
; Legal Notice ;
----------------
Copyright (C) 1991-2013 Altera Corporation
Your use of Altera Corporation's design tools, logic functions 
and other software and tools, and its AMPP partner logic 
functions, and any output files from any of the foregoing 
(including device programming or simulation files), and any 
associated documentation or information are expressly subject 
to the terms and conditions of the Altera Program License 
Subscription Agreement, Altera MegaCore Function License 
Agreement, or other applicable license agreement, including, 
without limitation, that your use is for the sole purpose of 
programming logic devices manufactured by Altera and sold by 
Altera or its authorized distributors.  Please refer to the 
applicable agreement for further details.



+--------------------------------------------------------------------------------------+
; Flow Summary                                                                         ;
+------------------------------------+-------------------------------------------------+
; Flow Status                        ; Successful - Sat Sep  4 16:44:40 2021           ;
; Quartus II 64-Bit Version          ; 13.0.1 Build 232 06/12/2013 SP 1 SJ Web Edition ;
; Revision Name                      ; Lab1                                            ;
; Top-level Entity Name              ; full_adder                                      ;
; Family                             ; Cyclone II                                      ;
; Total logic elements               ; 2 / 4,608 ( < 1 % )                             ;
;     Total combinational functions  ; 2 / 4,608 ( < 1 % )                             ;
;     Dedicated logic registers      ; 0 / 4,608 ( 0 % )                               ;
; Total registers                    ; 0                                               ;
; Total pins                         ; 5 / 89 ( 6 % )                                  ;
; Total virtual pins                 ; 0                                               ;
; Total memory bits                  ; 0 / 119,808 ( 0 % )                             ;
; Embedded Multiplier 9-bit elements ; 0 / 26 ( 0 % )                                  ;
; Total PLLs                         ; 0 / 2 ( 0 % )                                   ;
; Device                             ; EP2C5T144C6                                     ;
; Timing Models                      ; Final                                           ;
+------------------------------------+-------------------------------------------------+


+-----------------------------------------+
; Flow Settings                           ;
+-------------------+---------------------+
; Option            ; Setting             ;
+-------------------+---------------------+
; Start date & time ; 09/04/2021 16:44:29 ;
; Main task         ; Compilation         ;
; Revision Name     ; Lab1                ;
+-------------------+---------------------+


+----------------------------------------------------------------------------------------------------------------------------+
; Flow Non-Default Global Settings                                                                                           ;
+--------------------------------------+-----------------------------+---------------+-------------+-------------------------+
; Assignment Name                      ; Value                       ; Default Value ; Entity Name ; Section Id              ;
+--------------------------------------+-----------------------------+---------------+-------------+-------------------------+
; COMPILER_SIGNATURE_ID                ; 0.163076666924524           ; --            ; --          ; --                      ;
; EDA_DESIGN_ENTRY_SYNTHESIS_TOOL      ; Design Compiler             ; <None>        ; --          ; --                      ;
; EDA_DESIGN_INSTANCE_NAME             ; NA                          ; --            ; --          ; test_ripple_carry_adder ;
; EDA_INPUT_DATA_FORMAT                ; Vhdl                        ; --            ; --          ; eda_design_synthesis    ;
; EDA_INPUT_VCC_NAME                   ; Vdd                         ; --            ; --          ; eda_design_synthesis    ;
; EDA_LMF_FILE                         ; altsyn.lmf                  ; --            ; --          ; eda_design_synthesis    ;
; EDA_NATIVELINK_SIMULATION_TEST_BENCH ; test_ripple_carry_adder     ; --            ; --          ; eda_simulation          ;
; EDA_OUTPUT_DATA_FORMAT               ; Vhdl                        ; --            ; --          ; eda_simulation          ;
; EDA_SIMULATION_TOOL                  ; ModelSim-Altera (VHDL)      ; <None>        ; --          ; --                      ;
; EDA_TEST_BENCH_ENABLE_STATUS         ; TEST_BENCH_MODE             ; --            ; --          ; eda_simulation          ;
; EDA_TEST_BENCH_FILE                  ; test_ripple_carry_adder.vhd ; --            ; --          ; test_ripple_carry_adder ;
; EDA_TEST_BENCH_MODULE_NAME           ; test_ripple_carry_adder     ; --            ; --          ; test_ripple_carry_adder ;
; EDA_TEST_BENCH_NAME                  ; test_ripple_carry_adder     ; --            ; --          ; eda_simulation          ;
; PARTITION_COLOR                      ; 16764057                    ; --            ; full_adder  ; Top                     ;
; PARTITION_FITTER_PRESERVATION_LEVEL  ; PLACEMENT_AND_ROUTING       ; --            ; full_adder  ; Top                     ;
; PARTITION_NETLIST_TYPE               ; SOURCE                      ; --            ; full_adder  ; Top                     ;
; PROJECT_OUTPUT_DIRECTORY             ; output_files                ; --            ; --          ; --                      ;
; TOP_LEVEL_ENTITY                     ; full_adder                  ; Lab1          ; --          ; --                      ;
+--------------------------------------+-----------------------------+---------------+-------------+-------------------------+


+-------------------------------------------------------------------------------------------------------------------------------+
; Flow Elapsed Time                                                                                                             ;
+---------------------------+--------------+-------------------------+---------------------+------------------------------------+
; Module Name               ; Elapsed Time ; Average Processors Used ; Peak Virtual Memory ; Total CPU Time (on all processors) ;
+---------------------------+--------------+-------------------------+---------------------+------------------------------------+
; Analysis & Synthesis      ; 00:00:01     ; 1.0                     ; 580 MB              ; 00:00:01                           ;
; Fitter                    ; 00:00:01     ; 1.0                     ; 621 MB              ; 00:00:02                           ;
; Assembler                 ; 00:00:00     ; 1.0                     ; 524 MB              ; 00:00:01                           ;
; TimeQuest Timing Analyzer ; 00:00:01     ; 1.0                     ; 474 MB              ; 00:00:00                           ;
; EDA Netlist Writer        ; 00:00:00     ; 1.0                     ; 782 MB              ; 00:00:00                           ;
; Total                     ; 00:00:03     ; --                      ; --                  ; 00:00:04                           ;
+---------------------------+--------------+-------------------------+---------------------+------------------------------------+


+-----------------------------------------------------------------------------------------+
; Flow OS Summary                                                                         ;
+---------------------------+------------------+------------+------------+----------------+
; Module Name               ; Machine Hostname ; OS Name    ; OS Version ; Processor type ;
+---------------------------+------------------+------------+------------+----------------+
; Analysis & Synthesis      ; MoggeLaptop      ; Arch Linux ; Arch Linux ; x86_64         ;
; Fitter                    ; MoggeLaptop      ; Arch Linux ; Arch Linux ; x86_64         ;
; Assembler                 ; MoggeLaptop      ; Arch Linux ; Arch Linux ; x86_64         ;
; TimeQuest Timing Analyzer ; MoggeLaptop      ; Arch Linux ; Arch Linux ; x86_64         ;
; EDA Netlist Writer        ; MoggeLaptop      ; Arch Linux ; Arch Linux ; x86_64         ;
+---------------------------+------------------+------------+------------+----------------+


------------
; Flow Log ;
------------
quartus_map --read_settings_files=on --write_settings_files=off Lab1 -c Lab1
quartus_fit --read_settings_files=off --write_settings_files=off Lab1 -c Lab1
quartus_asm --read_settings_files=off --write_settings_files=off Lab1 -c Lab1
quartus_sta Lab1 -c Lab1
quartus_eda --read_settings_files=off --write_settings_files=off Lab1 -c Lab1



