TimeQuest Timing Analyzer report for Lab1
Mon Sep  6 16:52:23 2021
Quartus II 64-Bit Version 13.0.1 Build 232 06/12/2013 Service Pack 1 SJ Web Edition


---------------------
; Table of Contents ;
---------------------
  1. Legal Notice
  2. TimeQuest Timing Analyzer Summary
  3. Parallel Compilation
  4. Clocks
  5. Slow Model Fmax Summary
  6. Slow Model Setup Summary
  7. Slow Model Hold Summary
  8. Slow Model Recovery Summary
  9. Slow Model Removal Summary
 10. Slow Model Minimum Pulse Width Summary
 11. Propagation Delay
 12. Minimum Propagation Delay
 13. Fast Model Setup Summary
 14. Fast Model Hold Summary
 15. Fast Model Recovery Summary
 16. Fast Model Removal Summary
 17. Fast Model Minimum Pulse Width Summary
 18. Propagation Delay
 19. Minimum Propagation Delay
 20. Multicorner Timing Analysis Summary
 21. Progagation Delay
 22. Minimum Progagation Delay
 23. Clock Transfers
 24. Report TCCS
 25. Report RSKM
 26. Unconstrained Paths
 27. TimeQuest Timing Analyzer Messages



----------------
; Legal Notice ;
----------------
Copyright (C) 1991-2013 Altera Corporation
Your use of Altera Corporation's design tools, logic functions 
and other software and tools, and its AMPP partner logic 
functions, and any output files from any of the foregoing 
(including device programming or simulation files), and any 
associated documentation or information are expressly subject 
to the terms and conditions of the Altera Program License 
Subscription Agreement, Altera MegaCore Function License 
Agreement, or other applicable license agreement, including, 
without limitation, that your use is for the sole purpose of 
programming logic devices manufactured by Altera and sold by 
Altera or its authorized distributors.  Please refer to the 
applicable agreement for further details.



+----------------------------------------------------------------------------------------+
; TimeQuest Timing Analyzer Summary                                                      ;
+--------------------+-------------------------------------------------------------------+
; Quartus II Version ; Version 13.0.1 Build 232 06/12/2013 Service Pack 1 SJ Web Edition ;
; Revision Name      ; Lab1                                                              ;
; Device Family      ; Cyclone II                                                        ;
; Device Name        ; EP2C35F672C6                                                      ;
; Timing Models      ; Final                                                             ;
; Delay Model        ; Combined                                                          ;
; Rise/Fall Delays   ; Unavailable                                                       ;
+--------------------+-------------------------------------------------------------------+


Parallel compilation was disabled, but you have multiple processors available. Enable parallel compilation to reduce compilation time.
+-------------------------------------+
; Parallel Compilation                ;
+----------------------------+--------+
; Processors                 ; Number ;
+----------------------------+--------+
; Number detected on machine ; 16     ;
; Maximum allowed            ; 1      ;
+----------------------------+--------+


----------
; Clocks ;
----------
No clocks to report.


---------------------------
; Slow Model Fmax Summary ;
---------------------------
No paths to report.


----------------------------
; Slow Model Setup Summary ;
----------------------------
No paths to report.


---------------------------
; Slow Model Hold Summary ;
---------------------------
No paths to report.


-------------------------------
; Slow Model Recovery Summary ;
-------------------------------
No paths to report.


------------------------------
; Slow Model Removal Summary ;
------------------------------
No paths to report.


------------------------------------------
; Slow Model Minimum Pulse Width Summary ;
------------------------------------------
No paths to report.


+--------------------------------------------------------------+
; Propagation Delay                                            ;
+------------+-------------+--------+--------+--------+--------+
; Input Port ; Output Port ; RR     ; RF     ; FR     ; FF     ;
+------------+-------------+--------+--------+--------+--------+
; A[0]       ; N_Flag      ; 11.314 ; 11.314 ; 11.314 ; 11.314 ;
; A[0]       ; O_Flag      ; 12.082 ; 12.082 ; 12.082 ; 12.082 ;
; A[0]       ; SUM[0]      ; 10.578 ; 10.578 ; 10.578 ; 10.578 ;
; A[0]       ; SUM[1]      ; 10.209 ; 10.209 ; 10.209 ; 10.209 ;
; A[0]       ; SUM[2]      ; 11.003 ; 11.003 ; 11.003 ; 11.003 ;
; A[0]       ; SUM[3]      ; 11.305 ; 11.305 ; 11.305 ; 11.305 ;
; A[0]       ; SUM[4]      ; 11.147 ; 11.147 ; 11.147 ; 11.147 ;
; A[0]       ; SUM[5]      ; 11.121 ; 11.121 ; 11.121 ; 11.121 ;
; A[0]       ; SUM[6]      ; 11.578 ; 11.578 ; 11.578 ; 11.578 ;
; A[0]       ; Z_Flag      ; 12.489 ; 12.489 ; 12.489 ; 12.489 ;
; A[1]       ; N_Flag      ; 11.361 ; 11.361 ; 11.361 ; 11.361 ;
; A[1]       ; O_Flag      ; 12.129 ; 12.129 ; 12.129 ; 12.129 ;
; A[1]       ; SUM[1]      ; 9.941  ; 9.941  ; 9.941  ; 9.941  ;
; A[1]       ; SUM[2]      ; 11.050 ; 11.050 ; 11.050 ; 11.050 ;
; A[1]       ; SUM[3]      ; 11.352 ; 11.352 ; 11.352 ; 11.352 ;
; A[1]       ; SUM[4]      ; 11.194 ; 11.194 ; 11.194 ; 11.194 ;
; A[1]       ; SUM[5]      ; 11.168 ; 11.168 ; 11.168 ; 11.168 ;
; A[1]       ; SUM[6]      ; 11.625 ; 11.625 ; 11.625 ; 11.625 ;
; A[1]       ; Z_Flag      ; 12.536 ; 12.536 ; 12.536 ; 12.536 ;
; A[2]       ; N_Flag      ; 11.433 ; 11.433 ; 11.433 ; 11.433 ;
; A[2]       ; O_Flag      ; 12.201 ; 12.201 ; 12.201 ; 12.201 ;
; A[2]       ; SUM[2]      ; 10.802 ; 10.802 ; 10.802 ; 10.802 ;
; A[2]       ; SUM[3]      ; 11.424 ; 11.424 ; 11.424 ; 11.424 ;
; A[2]       ; SUM[4]      ; 11.266 ; 11.266 ; 11.266 ; 11.266 ;
; A[2]       ; SUM[5]      ; 11.240 ; 11.240 ; 11.240 ; 11.240 ;
; A[2]       ; SUM[6]      ; 11.697 ; 11.697 ; 11.697 ; 11.697 ;
; A[2]       ; Z_Flag      ; 12.608 ; 12.608 ; 12.608 ; 12.608 ;
; A[3]       ; N_Flag      ; 9.404  ; 9.404  ; 9.404  ; 9.404  ;
; A[3]       ; O_Flag      ; 10.172 ; 10.172 ; 10.172 ; 10.172 ;
; A[3]       ; SUM[3]      ; 9.080  ; 9.080  ; 9.080  ; 9.080  ;
; A[3]       ; SUM[4]      ; 9.237  ; 9.237  ; 9.237  ; 9.237  ;
; A[3]       ; SUM[5]      ; 9.211  ; 9.211  ; 9.211  ; 9.211  ;
; A[3]       ; SUM[6]      ; 9.668  ; 9.668  ; 9.668  ; 9.668  ;
; A[3]       ; Z_Flag      ; 10.264 ; 10.264 ; 10.264 ; 10.264 ;
; A[4]       ; N_Flag      ; 9.269  ; 9.269  ; 9.269  ; 9.269  ;
; A[4]       ; O_Flag      ; 10.037 ; 10.037 ; 10.037 ; 10.037 ;
; A[4]       ; SUM[4]      ; 8.786  ; 8.786  ; 8.786  ; 8.786  ;
; A[4]       ; SUM[5]      ; 9.076  ; 9.076  ; 9.076  ; 9.076  ;
; A[4]       ; SUM[6]      ; 9.533  ; 9.533  ; 9.533  ; 9.533  ;
; A[4]       ; Z_Flag      ; 10.057 ; 10.057 ; 10.057 ; 10.057 ;
; A[5]       ; N_Flag      ; 9.249  ; 9.249  ; 9.249  ; 9.249  ;
; A[5]       ; O_Flag      ; 10.017 ; 10.017 ; 10.017 ; 10.017 ;
; A[5]       ; SUM[5]      ; 8.741  ; 8.741  ; 8.741  ; 8.741  ;
; A[5]       ; SUM[6]      ; 9.513  ; 9.513  ; 9.513  ; 9.513  ;
; A[5]       ; Z_Flag      ; 10.037 ; 10.037 ; 10.037 ; 10.037 ;
; A[6]       ; N_Flag      ; 9.026  ; 9.026  ; 9.026  ; 9.026  ;
; A[6]       ; O_Flag      ; 9.794  ; 9.794  ; 9.794  ; 9.794  ;
; A[6]       ; SUM[6]      ; 9.290  ; 9.290  ; 9.290  ; 9.290  ;
; A[6]       ; Z_Flag      ; 9.814  ; 9.814  ; 9.814  ; 9.814  ;
; B[0]       ; N_Flag      ; 11.736 ; 11.736 ; 11.736 ; 11.736 ;
; B[0]       ; O_Flag      ; 12.504 ; 12.504 ; 12.504 ; 12.504 ;
; B[0]       ; SUM[0]      ; 11.001 ; 11.001 ; 11.001 ; 11.001 ;
; B[0]       ; SUM[1]      ; 10.631 ; 10.631 ; 10.631 ; 10.631 ;
; B[0]       ; SUM[2]      ; 11.425 ; 11.425 ; 11.425 ; 11.425 ;
; B[0]       ; SUM[3]      ; 11.727 ; 11.727 ; 11.727 ; 11.727 ;
; B[0]       ; SUM[4]      ; 11.569 ; 11.569 ; 11.569 ; 11.569 ;
; B[0]       ; SUM[5]      ; 11.543 ; 11.543 ; 11.543 ; 11.543 ;
; B[0]       ; SUM[6]      ; 12.000 ; 12.000 ; 12.000 ; 12.000 ;
; B[0]       ; Z_Flag      ; 12.911 ; 12.911 ; 12.911 ; 12.911 ;
; B[1]       ; N_Flag      ; 11.915 ; 11.915 ; 11.915 ; 11.915 ;
; B[1]       ; O_Flag      ; 12.683 ; 12.683 ; 12.683 ; 12.683 ;
; B[1]       ; SUM[1]      ; 10.498 ; 10.498 ; 10.498 ; 10.498 ;
; B[1]       ; SUM[2]      ; 11.604 ; 11.604 ; 11.604 ; 11.604 ;
; B[1]       ; SUM[3]      ; 11.906 ; 11.906 ; 11.906 ; 11.906 ;
; B[1]       ; SUM[4]      ; 11.748 ; 11.748 ; 11.748 ; 11.748 ;
; B[1]       ; SUM[5]      ; 11.722 ; 11.722 ; 11.722 ; 11.722 ;
; B[1]       ; SUM[6]      ; 12.179 ; 12.179 ; 12.179 ; 12.179 ;
; B[1]       ; Z_Flag      ; 13.090 ; 13.090 ; 13.090 ; 13.090 ;
; B[2]       ; N_Flag      ; 12.054 ; 12.054 ; 12.054 ; 12.054 ;
; B[2]       ; O_Flag      ; 12.822 ; 12.822 ; 12.822 ; 12.822 ;
; B[2]       ; SUM[2]      ; 11.426 ; 11.426 ; 11.426 ; 11.426 ;
; B[2]       ; SUM[3]      ; 12.045 ; 12.045 ; 12.045 ; 12.045 ;
; B[2]       ; SUM[4]      ; 11.887 ; 11.887 ; 11.887 ; 11.887 ;
; B[2]       ; SUM[5]      ; 11.861 ; 11.861 ; 11.861 ; 11.861 ;
; B[2]       ; SUM[6]      ; 12.318 ; 12.318 ; 12.318 ; 12.318 ;
; B[2]       ; Z_Flag      ; 13.229 ; 13.229 ; 13.229 ; 13.229 ;
; B[3]       ; N_Flag      ; 11.697 ; 11.697 ; 11.697 ; 11.697 ;
; B[3]       ; O_Flag      ; 12.465 ; 12.465 ; 12.465 ; 12.465 ;
; B[3]       ; SUM[3]      ; 11.376 ; 11.376 ; 11.376 ; 11.376 ;
; B[3]       ; SUM[4]      ; 11.530 ; 11.530 ; 11.530 ; 11.530 ;
; B[3]       ; SUM[5]      ; 11.504 ; 11.504 ; 11.504 ; 11.504 ;
; B[3]       ; SUM[6]      ; 11.961 ; 11.961 ; 11.961 ; 11.961 ;
; B[3]       ; Z_Flag      ; 12.560 ; 12.560 ; 12.560 ; 12.560 ;
; B[4]       ; N_Flag      ; 11.150 ; 11.150 ; 11.150 ; 11.150 ;
; B[4]       ; O_Flag      ; 11.918 ; 11.918 ; 11.918 ; 11.918 ;
; B[4]       ; SUM[4]      ; 10.668 ; 10.668 ; 10.668 ; 10.668 ;
; B[4]       ; SUM[5]      ; 10.957 ; 10.957 ; 10.957 ; 10.957 ;
; B[4]       ; SUM[6]      ; 11.414 ; 11.414 ; 11.414 ; 11.414 ;
; B[4]       ; Z_Flag      ; 11.938 ; 11.938 ; 11.938 ; 11.938 ;
; B[5]       ; N_Flag      ; 11.236 ; 11.236 ; 11.236 ; 11.236 ;
; B[5]       ; O_Flag      ; 12.004 ; 12.004 ; 12.004 ; 12.004 ;
; B[5]       ; SUM[5]      ; 10.731 ; 10.731 ; 10.731 ; 10.731 ;
; B[5]       ; SUM[6]      ; 11.500 ; 11.500 ; 11.500 ; 11.500 ;
; B[5]       ; Z_Flag      ; 12.024 ; 12.024 ; 12.024 ; 12.024 ;
; B[6]       ; N_Flag      ; 15.027 ; 15.027 ; 15.027 ; 15.027 ;
; B[6]       ; O_Flag      ; 15.795 ; 15.795 ; 15.795 ; 15.795 ;
; B[6]       ; SUM[6]      ; 15.291 ; 15.291 ; 15.291 ; 15.291 ;
; B[6]       ; Z_Flag      ; 15.815 ; 15.815 ; 15.815 ; 15.815 ;
; OP[0]      ; N_Flag      ; 15.893 ; 15.893 ; 15.893 ; 15.893 ;
; OP[0]      ; O_Flag      ; 16.661 ; 16.661 ; 16.661 ; 16.661 ;
; OP[0]      ; SUM[0]      ; 15.158 ; 15.158 ; 15.158 ; 15.158 ;
; OP[0]      ; SUM[1]      ; 14.788 ; 14.788 ; 14.788 ; 14.788 ;
; OP[0]      ; SUM[2]      ; 15.582 ; 15.582 ; 15.582 ; 15.582 ;
; OP[0]      ; SUM[3]      ; 15.884 ; 15.884 ; 15.884 ; 15.884 ;
; OP[0]      ; SUM[4]      ; 15.726 ; 15.726 ; 15.726 ; 15.726 ;
; OP[0]      ; SUM[5]      ; 15.700 ; 15.700 ; 15.700 ; 15.700 ;
; OP[0]      ; SUM[6]      ; 16.157 ; 16.157 ; 16.157 ; 16.157 ;
; OP[0]      ; Z_Flag      ; 17.068 ; 17.068 ; 17.068 ; 17.068 ;
; OP[1]      ; N_Flag      ; 14.825 ; 14.825 ; 14.825 ; 14.825 ;
; OP[1]      ; O_Flag      ; 15.593 ; 15.593 ; 15.593 ; 15.593 ;
; OP[1]      ; SUM[0]      ; 14.919 ; 14.919 ; 14.919 ; 14.919 ;
; OP[1]      ; SUM[1]      ; 14.172 ; 14.172 ; 14.172 ; 14.172 ;
; OP[1]      ; SUM[2]      ; 14.738 ; 14.738 ; 14.738 ; 14.738 ;
; OP[1]      ; SUM[3]      ; 14.872 ; 14.872 ; 14.872 ; 14.872 ;
; OP[1]      ; SUM[4]      ; 14.624 ; 14.624 ; 14.624 ; 14.624 ;
; OP[1]      ; SUM[5]      ; 14.537 ; 14.537 ; 14.537 ; 14.537 ;
; OP[1]      ; SUM[6]      ; 15.089 ; 15.089 ; 15.089 ; 15.089 ;
; OP[1]      ; Z_Flag      ; 16.396 ; 16.396 ; 16.396 ; 16.396 ;
; OP[2]      ; N_Flag      ; 14.852 ; 14.852 ; 14.852 ; 14.852 ;
; OP[2]      ; O_Flag      ; 15.620 ; 15.620 ; 15.620 ; 15.620 ;
; OP[2]      ; SUM[0]      ; 14.946 ; 14.946 ; 14.946 ; 14.946 ;
; OP[2]      ; SUM[1]      ; 14.199 ; 14.199 ; 14.199 ; 14.199 ;
; OP[2]      ; SUM[2]      ; 14.765 ; 14.765 ; 14.765 ; 14.765 ;
; OP[2]      ; SUM[3]      ; 14.899 ; 14.899 ; 14.899 ; 14.899 ;
; OP[2]      ; SUM[4]      ; 14.651 ; 14.651 ; 14.651 ; 14.651 ;
; OP[2]      ; SUM[5]      ; 14.564 ; 14.564 ; 14.564 ; 14.564 ;
; OP[2]      ; SUM[6]      ; 15.116 ; 15.116 ; 15.116 ; 15.116 ;
; OP[2]      ; Z_Flag      ; 16.423 ; 16.423 ; 16.423 ; 16.423 ;
+------------+-------------+--------+--------+--------+--------+


+--------------------------------------------------------------+
; Minimum Propagation Delay                                    ;
+------------+-------------+--------+--------+--------+--------+
; Input Port ; Output Port ; RR     ; RF     ; FR     ; FF     ;
+------------+-------------+--------+--------+--------+--------+
; A[0]       ; N_Flag      ; 11.314 ; 11.314 ; 11.314 ; 11.314 ;
; A[0]       ; O_Flag      ; 12.082 ; 12.082 ; 12.082 ; 12.082 ;
; A[0]       ; SUM[0]      ; 9.200  ; 9.206  ; 9.206  ; 9.200  ;
; A[0]       ; SUM[1]      ; 10.209 ; 10.209 ; 10.209 ; 10.209 ;
; A[0]       ; SUM[2]      ; 11.003 ; 11.003 ; 11.003 ; 11.003 ;
; A[0]       ; SUM[3]      ; 11.305 ; 11.305 ; 11.305 ; 11.305 ;
; A[0]       ; SUM[4]      ; 11.147 ; 11.147 ; 11.147 ; 11.147 ;
; A[0]       ; SUM[5]      ; 11.121 ; 11.121 ; 11.121 ; 11.121 ;
; A[0]       ; SUM[6]      ; 11.578 ; 11.578 ; 11.578 ; 11.578 ;
; A[0]       ; Z_Flag      ; 10.683 ; 10.677 ; 10.677 ; 10.683 ;
; A[1]       ; N_Flag      ; 11.361 ; 11.361 ; 11.361 ; 11.361 ;
; A[1]       ; O_Flag      ; 12.129 ; 12.129 ; 12.129 ; 12.129 ;
; A[1]       ; SUM[1]      ; 8.248  ; 8.248  ; 8.248  ; 8.248  ;
; A[1]       ; SUM[2]      ; 11.050 ; 11.050 ; 11.050 ; 11.050 ;
; A[1]       ; SUM[3]      ; 11.352 ; 11.352 ; 11.352 ; 11.352 ;
; A[1]       ; SUM[4]      ; 11.194 ; 11.194 ; 11.194 ; 11.194 ;
; A[1]       ; SUM[5]      ; 11.168 ; 11.168 ; 11.168 ; 11.168 ;
; A[1]       ; SUM[6]      ; 11.625 ; 11.625 ; 11.625 ; 11.625 ;
; A[1]       ; Z_Flag      ; 10.409 ; 10.409 ; 10.409 ; 10.409 ;
; A[2]       ; N_Flag      ; 11.433 ; 11.433 ; 11.433 ; 11.433 ;
; A[2]       ; O_Flag      ; 12.201 ; 12.201 ; 12.201 ; 12.201 ;
; A[2]       ; SUM[2]      ; 9.632  ; 9.632  ; 9.632  ; 9.632  ;
; A[2]       ; SUM[3]      ; 11.424 ; 11.424 ; 11.424 ; 11.424 ;
; A[2]       ; SUM[4]      ; 11.266 ; 11.266 ; 11.266 ; 11.266 ;
; A[2]       ; SUM[5]      ; 11.240 ; 11.240 ; 11.240 ; 11.240 ;
; A[2]       ; SUM[6]      ; 11.697 ; 11.697 ; 11.697 ; 11.697 ;
; A[2]       ; Z_Flag      ; 11.116 ; 11.116 ; 11.116 ; 11.116 ;
; A[3]       ; N_Flag      ; 9.404  ; 9.404  ; 9.404  ; 9.404  ;
; A[3]       ; O_Flag      ; 10.172 ; 10.172 ; 10.172 ; 10.172 ;
; A[3]       ; SUM[3]      ; 7.520  ; 7.520  ; 7.520  ; 7.520  ;
; A[3]       ; SUM[4]      ; 9.237  ; 9.237  ; 9.237  ; 9.237  ;
; A[3]       ; SUM[5]      ; 9.211  ; 9.211  ; 9.211  ; 9.211  ;
; A[3]       ; SUM[6]      ; 9.668  ; 9.668  ; 9.668  ; 9.668  ;
; A[3]       ; Z_Flag      ; 8.704  ; 8.704  ; 8.704  ; 8.704  ;
; A[4]       ; N_Flag      ; 9.269  ; 9.269  ; 9.269  ; 9.269  ;
; A[4]       ; O_Flag      ; 10.037 ; 10.037 ; 10.037 ; 10.037 ;
; A[4]       ; SUM[4]      ; 7.808  ; 7.923  ; 7.923  ; 7.808  ;
; A[4]       ; SUM[5]      ; 9.076  ; 9.076  ; 9.076  ; 9.076  ;
; A[4]       ; SUM[6]      ; 9.533  ; 9.533  ; 9.533  ; 9.533  ;
; A[4]       ; Z_Flag      ; 8.401  ; 8.286  ; 8.286  ; 8.401  ;
; A[5]       ; N_Flag      ; 9.249  ; 9.249  ; 9.249  ; 9.249  ;
; A[5]       ; O_Flag      ; 10.017 ; 10.017 ; 10.017 ; 10.017 ;
; A[5]       ; SUM[5]      ; 7.671  ; 7.671  ; 7.671  ; 7.671  ;
; A[5]       ; SUM[6]      ; 9.513  ; 9.513  ; 9.513  ; 9.513  ;
; A[5]       ; Z_Flag      ; 8.407  ; 8.407  ; 8.407  ; 8.407  ;
; A[6]       ; N_Flag      ; 7.841  ; 8.361  ; 8.361  ; 7.841  ;
; A[6]       ; O_Flag      ; 7.482  ; 7.482  ; 7.482  ; 7.482  ;
; A[6]       ; SUM[6]      ; 8.105  ; 8.625  ; 8.625  ; 8.105  ;
; A[6]       ; Z_Flag      ; 9.149  ; 8.629  ; 8.629  ; 9.149  ;
; B[0]       ; N_Flag      ; 11.736 ; 11.736 ; 11.736 ; 11.736 ;
; B[0]       ; O_Flag      ; 12.504 ; 12.504 ; 12.504 ; 12.504 ;
; B[0]       ; SUM[0]      ; 8.749  ; 8.749  ; 8.749  ; 8.749  ;
; B[0]       ; SUM[1]      ; 10.631 ; 10.631 ; 10.631 ; 10.631 ;
; B[0]       ; SUM[2]      ; 11.425 ; 11.425 ; 11.425 ; 11.425 ;
; B[0]       ; SUM[3]      ; 11.727 ; 11.727 ; 11.727 ; 11.727 ;
; B[0]       ; SUM[4]      ; 11.569 ; 11.569 ; 11.569 ; 11.569 ;
; B[0]       ; SUM[5]      ; 11.543 ; 11.543 ; 11.543 ; 11.543 ;
; B[0]       ; SUM[6]      ; 12.000 ; 12.000 ; 12.000 ; 12.000 ;
; B[0]       ; Z_Flag      ; 10.226 ; 10.226 ; 10.226 ; 10.226 ;
; B[1]       ; N_Flag      ; 11.915 ; 11.915 ; 11.915 ; 11.915 ;
; B[1]       ; O_Flag      ; 12.683 ; 12.683 ; 12.683 ; 12.683 ;
; B[1]       ; SUM[1]      ; 8.239  ; 8.239  ; 8.239  ; 8.239  ;
; B[1]       ; SUM[2]      ; 11.604 ; 11.604 ; 11.604 ; 11.604 ;
; B[1]       ; SUM[3]      ; 11.906 ; 11.906 ; 11.906 ; 11.906 ;
; B[1]       ; SUM[4]      ; 11.748 ; 11.748 ; 11.748 ; 11.748 ;
; B[1]       ; SUM[5]      ; 11.722 ; 11.722 ; 11.722 ; 11.722 ;
; B[1]       ; SUM[6]      ; 12.179 ; 12.179 ; 12.179 ; 12.179 ;
; B[1]       ; Z_Flag      ; 10.400 ; 10.400 ; 10.400 ; 10.400 ;
; B[2]       ; N_Flag      ; 12.054 ; 12.054 ; 12.054 ; 12.054 ;
; B[2]       ; O_Flag      ; 12.822 ; 12.822 ; 12.822 ; 12.822 ;
; B[2]       ; SUM[2]      ; 9.489  ; 9.632  ; 9.632  ; 9.489  ;
; B[2]       ; SUM[3]      ; 12.045 ; 12.045 ; 12.045 ; 12.045 ;
; B[2]       ; SUM[4]      ; 11.887 ; 11.887 ; 11.887 ; 11.887 ;
; B[2]       ; SUM[5]      ; 11.861 ; 11.861 ; 11.861 ; 11.861 ;
; B[2]       ; SUM[6]      ; 12.318 ; 12.318 ; 12.318 ; 12.318 ;
; B[2]       ; Z_Flag      ; 11.116 ; 10.973 ; 10.973 ; 11.116 ;
; B[3]       ; N_Flag      ; 11.697 ; 11.697 ; 11.697 ; 11.697 ;
; B[3]       ; O_Flag      ; 12.465 ; 12.465 ; 12.465 ; 12.465 ;
; B[3]       ; SUM[3]      ; 9.214  ; 9.214  ; 9.214  ; 9.214  ;
; B[3]       ; SUM[4]      ; 11.530 ; 11.530 ; 11.530 ; 11.530 ;
; B[3]       ; SUM[5]      ; 11.504 ; 11.504 ; 11.504 ; 11.504 ;
; B[3]       ; SUM[6]      ; 11.961 ; 11.961 ; 11.961 ; 11.961 ;
; B[3]       ; Z_Flag      ; 10.398 ; 10.398 ; 10.398 ; 10.398 ;
; B[4]       ; N_Flag      ; 11.150 ; 11.150 ; 11.150 ; 11.150 ;
; B[4]       ; O_Flag      ; 11.918 ; 11.918 ; 11.918 ; 11.918 ;
; B[4]       ; SUM[4]      ; 8.876  ; 9.016  ; 9.016  ; 8.876  ;
; B[4]       ; SUM[5]      ; 10.957 ; 10.957 ; 10.957 ; 10.957 ;
; B[4]       ; SUM[6]      ; 11.414 ; 11.414 ; 11.414 ; 11.414 ;
; B[4]       ; Z_Flag      ; 9.494  ; 9.354  ; 9.354  ; 9.494  ;
; B[5]       ; N_Flag      ; 11.236 ; 11.236 ; 11.236 ; 11.236 ;
; B[5]       ; O_Flag      ; 12.004 ; 12.004 ; 12.004 ; 12.004 ;
; B[5]       ; SUM[5]      ; 8.705  ; 8.705  ; 8.705  ; 8.705  ;
; B[5]       ; SUM[6]      ; 11.500 ; 11.500 ; 11.500 ; 11.500 ;
; B[5]       ; Z_Flag      ; 9.441  ; 9.441  ; 9.441  ; 9.441  ;
; B[6]       ; N_Flag      ; 12.875 ; 13.154 ; 13.154 ; 12.875 ;
; B[6]       ; O_Flag      ; 12.525 ; 12.525 ; 12.525 ; 12.525 ;
; B[6]       ; SUM[6]      ; 13.139 ; 13.418 ; 13.418 ; 13.139 ;
; B[6]       ; Z_Flag      ; 13.942 ; 13.663 ; 13.663 ; 13.942 ;
; OP[0]      ; N_Flag      ; 12.791 ; 14.626 ; 14.626 ; 12.791 ;
; OP[0]      ; O_Flag      ; 13.559 ; 13.559 ; 13.559 ; 13.559 ;
; OP[0]      ; SUM[0]      ; 13.156 ; 14.505 ; 14.505 ; 13.156 ;
; OP[0]      ; SUM[1]      ; 12.266 ; 13.820 ; 13.820 ; 12.266 ;
; OP[0]      ; SUM[2]      ; 13.121 ; 14.548 ; 14.548 ; 13.121 ;
; OP[0]      ; SUM[3]      ; 13.146 ; 14.684 ; 14.684 ; 13.146 ;
; OP[0]      ; SUM[4]      ; 12.897 ; 14.398 ; 14.398 ; 12.897 ;
; OP[0]      ; SUM[5]      ; 12.916 ; 14.362 ; 14.362 ; 12.916 ;
; OP[0]      ; SUM[6]      ; 13.055 ; 14.890 ; 14.890 ; 13.055 ;
; OP[0]      ; Z_Flag      ; 14.876 ; 13.375 ; 13.375 ; 14.876 ;
; OP[1]      ; N_Flag      ; 12.206 ; 12.206 ; 12.206 ; 12.206 ;
; OP[1]      ; O_Flag      ; 12.974 ; 12.974 ; 12.974 ; 12.974 ;
; OP[1]      ; SUM[0]      ; 12.486 ; 12.486 ; 12.486 ; 12.486 ;
; OP[1]      ; SUM[1]      ; 11.596 ; 11.596 ; 11.596 ; 11.596 ;
; OP[1]      ; SUM[2]      ; 12.591 ; 12.591 ; 12.591 ; 12.591 ;
; OP[1]      ; SUM[3]      ; 12.474 ; 12.474 ; 12.474 ; 12.474 ;
; OP[1]      ; SUM[4]      ; 12.301 ; 12.301 ; 12.301 ; 12.301 ;
; OP[1]      ; SUM[5]      ; 12.344 ; 12.344 ; 12.344 ; 12.344 ;
; OP[1]      ; SUM[6]      ; 12.470 ; 12.470 ; 12.470 ; 12.470 ;
; OP[1]      ; Z_Flag      ; 12.779 ; 12.779 ; 12.779 ; 12.779 ;
; OP[2]      ; N_Flag      ; 12.544 ; 12.544 ; 12.544 ; 12.544 ;
; OP[2]      ; O_Flag      ; 13.312 ; 13.312 ; 13.312 ; 13.312 ;
; OP[2]      ; SUM[0]      ; 12.717 ; 12.717 ; 12.717 ; 12.717 ;
; OP[2]      ; SUM[1]      ; 11.819 ; 11.819 ; 11.819 ; 11.819 ;
; OP[2]      ; SUM[2]      ; 12.673 ; 12.673 ; 12.673 ; 12.673 ;
; OP[2]      ; SUM[3]      ; 12.698 ; 12.698 ; 12.698 ; 12.698 ;
; OP[2]      ; SUM[4]      ; 12.518 ; 12.518 ; 12.518 ; 12.518 ;
; OP[2]      ; SUM[5]      ; 12.517 ; 12.517 ; 12.517 ; 12.517 ;
; OP[2]      ; SUM[6]      ; 12.808 ; 12.808 ; 12.808 ; 12.808 ;
; OP[2]      ; Z_Flag      ; 12.996 ; 12.996 ; 12.996 ; 12.996 ;
+------------+-------------+--------+--------+--------+--------+


----------------------------
; Fast Model Setup Summary ;
----------------------------
No paths to report.


---------------------------
; Fast Model Hold Summary ;
---------------------------
No paths to report.


-------------------------------
; Fast Model Recovery Summary ;
-------------------------------
No paths to report.


------------------------------
; Fast Model Removal Summary ;
------------------------------
No paths to report.


------------------------------------------
; Fast Model Minimum Pulse Width Summary ;
------------------------------------------
No paths to report.


+----------------------------------------------------------+
; Propagation Delay                                        ;
+------------+-------------+-------+-------+-------+-------+
; Input Port ; Output Port ; RR    ; RF    ; FR    ; FF    ;
+------------+-------------+-------+-------+-------+-------+
; A[0]       ; N_Flag      ; 5.583 ; 5.583 ; 5.583 ; 5.583 ;
; A[0]       ; O_Flag      ; 5.936 ; 5.936 ; 5.936 ; 5.936 ;
; A[0]       ; SUM[0]      ; 5.277 ; 5.277 ; 5.277 ; 5.277 ;
; A[0]       ; SUM[1]      ; 5.127 ; 5.127 ; 5.127 ; 5.127 ;
; A[0]       ; SUM[2]      ; 5.414 ; 5.414 ; 5.414 ; 5.414 ;
; A[0]       ; SUM[3]      ; 5.583 ; 5.583 ; 5.583 ; 5.583 ;
; A[0]       ; SUM[4]      ; 5.550 ; 5.550 ; 5.550 ; 5.550 ;
; A[0]       ; SUM[5]      ; 5.543 ; 5.543 ; 5.543 ; 5.543 ;
; A[0]       ; SUM[6]      ; 5.722 ; 5.722 ; 5.722 ; 5.722 ;
; A[0]       ; Z_Flag      ; 6.122 ; 6.122 ; 6.122 ; 6.122 ;
; A[1]       ; N_Flag      ; 5.608 ; 5.608 ; 5.608 ; 5.608 ;
; A[1]       ; O_Flag      ; 5.961 ; 5.961 ; 5.961 ; 5.961 ;
; A[1]       ; SUM[1]      ; 5.047 ; 5.047 ; 5.047 ; 5.047 ;
; A[1]       ; SUM[2]      ; 5.439 ; 5.439 ; 5.439 ; 5.439 ;
; A[1]       ; SUM[3]      ; 5.608 ; 5.608 ; 5.608 ; 5.608 ;
; A[1]       ; SUM[4]      ; 5.575 ; 5.575 ; 5.575 ; 5.575 ;
; A[1]       ; SUM[5]      ; 5.568 ; 5.568 ; 5.568 ; 5.568 ;
; A[1]       ; SUM[6]      ; 5.747 ; 5.747 ; 5.747 ; 5.747 ;
; A[1]       ; Z_Flag      ; 6.147 ; 6.147 ; 6.147 ; 6.147 ;
; A[2]       ; N_Flag      ; 5.655 ; 5.655 ; 5.655 ; 5.655 ;
; A[2]       ; O_Flag      ; 6.008 ; 6.008 ; 6.008 ; 6.008 ;
; A[2]       ; SUM[2]      ; 5.387 ; 5.387 ; 5.387 ; 5.387 ;
; A[2]       ; SUM[3]      ; 5.655 ; 5.655 ; 5.655 ; 5.655 ;
; A[2]       ; SUM[4]      ; 5.622 ; 5.622 ; 5.622 ; 5.622 ;
; A[2]       ; SUM[5]      ; 5.615 ; 5.615 ; 5.615 ; 5.615 ;
; A[2]       ; SUM[6]      ; 5.794 ; 5.794 ; 5.794 ; 5.794 ;
; A[2]       ; Z_Flag      ; 6.194 ; 6.194 ; 6.194 ; 6.194 ;
; A[3]       ; N_Flag      ; 4.559 ; 4.559 ; 4.559 ; 4.559 ;
; A[3]       ; O_Flag      ; 4.912 ; 4.912 ; 4.912 ; 4.912 ;
; A[3]       ; SUM[3]      ; 4.454 ; 4.454 ; 4.454 ; 4.454 ;
; A[3]       ; SUM[4]      ; 4.526 ; 4.526 ; 4.526 ; 4.526 ;
; A[3]       ; SUM[5]      ; 4.519 ; 4.519 ; 4.519 ; 4.519 ;
; A[3]       ; SUM[6]      ; 4.698 ; 4.698 ; 4.698 ; 4.698 ;
; A[3]       ; Z_Flag      ; 4.993 ; 4.993 ; 4.993 ; 4.993 ;
; A[4]       ; N_Flag      ; 4.493 ; 4.493 ; 4.493 ; 4.493 ;
; A[4]       ; O_Flag      ; 4.846 ; 4.846 ; 4.846 ; 4.846 ;
; A[4]       ; SUM[4]      ; 4.357 ; 4.357 ; 4.357 ; 4.357 ;
; A[4]       ; SUM[5]      ; 4.453 ; 4.453 ; 4.453 ; 4.453 ;
; A[4]       ; SUM[6]      ; 4.632 ; 4.632 ; 4.632 ; 4.632 ;
; A[4]       ; Z_Flag      ; 4.863 ; 4.863 ; 4.863 ; 4.863 ;
; A[5]       ; N_Flag      ; 4.477 ; 4.477 ; 4.477 ; 4.477 ;
; A[5]       ; O_Flag      ; 4.830 ; 4.830 ; 4.830 ; 4.830 ;
; A[5]       ; SUM[5]      ; 4.332 ; 4.332 ; 4.332 ; 4.332 ;
; A[5]       ; SUM[6]      ; 4.616 ; 4.616 ; 4.616 ; 4.616 ;
; A[5]       ; Z_Flag      ; 4.847 ; 4.847 ; 4.847 ; 4.847 ;
; A[6]       ; N_Flag      ; 4.465 ; 4.465 ; 4.465 ; 4.465 ;
; A[6]       ; O_Flag      ; 4.818 ; 4.818 ; 4.818 ; 4.818 ;
; A[6]       ; SUM[6]      ; 4.604 ; 4.604 ; 4.604 ; 4.604 ;
; A[6]       ; Z_Flag      ; 4.835 ; 4.835 ; 4.835 ; 4.835 ;
; B[0]       ; N_Flag      ; 5.804 ; 5.804 ; 5.804 ; 5.804 ;
; B[0]       ; O_Flag      ; 6.157 ; 6.157 ; 6.157 ; 6.157 ;
; B[0]       ; SUM[0]      ; 5.496 ; 5.496 ; 5.496 ; 5.496 ;
; B[0]       ; SUM[1]      ; 5.348 ; 5.348 ; 5.348 ; 5.348 ;
; B[0]       ; SUM[2]      ; 5.635 ; 5.635 ; 5.635 ; 5.635 ;
; B[0]       ; SUM[3]      ; 5.804 ; 5.804 ; 5.804 ; 5.804 ;
; B[0]       ; SUM[4]      ; 5.771 ; 5.771 ; 5.771 ; 5.771 ;
; B[0]       ; SUM[5]      ; 5.764 ; 5.764 ; 5.764 ; 5.764 ;
; B[0]       ; SUM[6]      ; 5.943 ; 5.943 ; 5.943 ; 5.943 ;
; B[0]       ; Z_Flag      ; 6.343 ; 6.343 ; 6.343 ; 6.343 ;
; B[1]       ; N_Flag      ; 5.880 ; 5.880 ; 5.880 ; 5.880 ;
; B[1]       ; O_Flag      ; 6.233 ; 6.233 ; 6.233 ; 6.233 ;
; B[1]       ; SUM[1]      ; 5.321 ; 5.321 ; 5.321 ; 5.321 ;
; B[1]       ; SUM[2]      ; 5.711 ; 5.711 ; 5.711 ; 5.711 ;
; B[1]       ; SUM[3]      ; 5.880 ; 5.880 ; 5.880 ; 5.880 ;
; B[1]       ; SUM[4]      ; 5.847 ; 5.847 ; 5.847 ; 5.847 ;
; B[1]       ; SUM[5]      ; 5.840 ; 5.840 ; 5.840 ; 5.840 ;
; B[1]       ; SUM[6]      ; 6.019 ; 6.019 ; 6.019 ; 6.019 ;
; B[1]       ; Z_Flag      ; 6.419 ; 6.419 ; 6.419 ; 6.419 ;
; B[2]       ; N_Flag      ; 5.979 ; 5.979 ; 5.979 ; 5.979 ;
; B[2]       ; O_Flag      ; 6.332 ; 6.332 ; 6.332 ; 6.332 ;
; B[2]       ; SUM[2]      ; 5.710 ; 5.710 ; 5.710 ; 5.710 ;
; B[2]       ; SUM[3]      ; 5.979 ; 5.979 ; 5.979 ; 5.979 ;
; B[2]       ; SUM[4]      ; 5.946 ; 5.946 ; 5.946 ; 5.946 ;
; B[2]       ; SUM[5]      ; 5.939 ; 5.939 ; 5.939 ; 5.939 ;
; B[2]       ; SUM[6]      ; 6.118 ; 6.118 ; 6.118 ; 6.118 ;
; B[2]       ; Z_Flag      ; 6.518 ; 6.518 ; 6.518 ; 6.518 ;
; B[3]       ; N_Flag      ; 5.715 ; 5.715 ; 5.715 ; 5.715 ;
; B[3]       ; O_Flag      ; 6.068 ; 6.068 ; 6.068 ; 6.068 ;
; B[3]       ; SUM[3]      ; 5.612 ; 5.612 ; 5.612 ; 5.612 ;
; B[3]       ; SUM[4]      ; 5.682 ; 5.682 ; 5.682 ; 5.682 ;
; B[3]       ; SUM[5]      ; 5.675 ; 5.675 ; 5.675 ; 5.675 ;
; B[3]       ; SUM[6]      ; 5.854 ; 5.854 ; 5.854 ; 5.854 ;
; B[3]       ; Z_Flag      ; 6.151 ; 6.151 ; 6.151 ; 6.151 ;
; B[4]       ; N_Flag      ; 5.430 ; 5.430 ; 5.430 ; 5.430 ;
; B[4]       ; O_Flag      ; 5.783 ; 5.783 ; 5.783 ; 5.783 ;
; B[4]       ; SUM[4]      ; 5.292 ; 5.292 ; 5.292 ; 5.292 ;
; B[4]       ; SUM[5]      ; 5.390 ; 5.390 ; 5.390 ; 5.390 ;
; B[4]       ; SUM[6]      ; 5.569 ; 5.569 ; 5.569 ; 5.569 ;
; B[4]       ; Z_Flag      ; 5.800 ; 5.800 ; 5.800 ; 5.800 ;
; B[5]       ; N_Flag      ; 5.470 ; 5.470 ; 5.470 ; 5.470 ;
; B[5]       ; O_Flag      ; 5.823 ; 5.823 ; 5.823 ; 5.823 ;
; B[5]       ; SUM[5]      ; 5.327 ; 5.327 ; 5.327 ; 5.327 ;
; B[5]       ; SUM[6]      ; 5.609 ; 5.609 ; 5.609 ; 5.609 ;
; B[5]       ; Z_Flag      ; 5.840 ; 5.840 ; 5.840 ; 5.840 ;
; B[6]       ; N_Flag      ; 7.891 ; 7.891 ; 7.891 ; 7.891 ;
; B[6]       ; O_Flag      ; 8.244 ; 8.244 ; 8.244 ; 8.244 ;
; B[6]       ; SUM[6]      ; 8.030 ; 8.030 ; 8.030 ; 8.030 ;
; B[6]       ; Z_Flag      ; 8.261 ; 8.261 ; 8.261 ; 8.261 ;
; OP[0]      ; N_Flag      ; 8.241 ; 8.241 ; 8.241 ; 8.241 ;
; OP[0]      ; O_Flag      ; 8.594 ; 8.594 ; 8.594 ; 8.594 ;
; OP[0]      ; SUM[0]      ; 7.933 ; 7.933 ; 7.933 ; 7.933 ;
; OP[0]      ; SUM[1]      ; 7.785 ; 7.785 ; 7.785 ; 7.785 ;
; OP[0]      ; SUM[2]      ; 8.072 ; 8.072 ; 8.072 ; 8.072 ;
; OP[0]      ; SUM[3]      ; 8.241 ; 8.241 ; 8.241 ; 8.241 ;
; OP[0]      ; SUM[4]      ; 8.208 ; 8.208 ; 8.208 ; 8.208 ;
; OP[0]      ; SUM[5]      ; 8.201 ; 8.201 ; 8.201 ; 8.201 ;
; OP[0]      ; SUM[6]      ; 8.380 ; 8.380 ; 8.380 ; 8.380 ;
; OP[0]      ; Z_Flag      ; 8.780 ; 8.780 ; 8.780 ; 8.780 ;
; OP[1]      ; N_Flag      ; 7.779 ; 7.779 ; 7.779 ; 7.779 ;
; OP[1]      ; O_Flag      ; 8.132 ; 8.132 ; 8.132 ; 8.132 ;
; OP[1]      ; SUM[0]      ; 7.844 ; 7.844 ; 7.844 ; 7.844 ;
; OP[1]      ; SUM[1]      ; 7.564 ; 7.564 ; 7.564 ; 7.564 ;
; OP[1]      ; SUM[2]      ; 7.768 ; 7.768 ; 7.768 ; 7.768 ;
; OP[1]      ; SUM[3]      ; 7.836 ; 7.836 ; 7.836 ; 7.836 ;
; OP[1]      ; SUM[4]      ; 7.733 ; 7.733 ; 7.733 ; 7.733 ;
; OP[1]      ; SUM[5]      ; 7.720 ; 7.720 ; 7.720 ; 7.720 ;
; OP[1]      ; SUM[6]      ; 7.918 ; 7.918 ; 7.918 ; 7.918 ;
; OP[1]      ; Z_Flag      ; 8.489 ; 8.489 ; 8.489 ; 8.489 ;
; OP[2]      ; N_Flag      ; 7.879 ; 7.879 ; 7.879 ; 7.879 ;
; OP[2]      ; O_Flag      ; 8.232 ; 8.232 ; 8.232 ; 8.232 ;
; OP[2]      ; SUM[0]      ; 7.944 ; 7.944 ; 7.944 ; 7.944 ;
; OP[2]      ; SUM[1]      ; 7.664 ; 7.664 ; 7.664 ; 7.664 ;
; OP[2]      ; SUM[2]      ; 7.868 ; 7.868 ; 7.868 ; 7.868 ;
; OP[2]      ; SUM[3]      ; 7.936 ; 7.936 ; 7.936 ; 7.936 ;
; OP[2]      ; SUM[4]      ; 7.833 ; 7.833 ; 7.833 ; 7.833 ;
; OP[2]      ; SUM[5]      ; 7.820 ; 7.820 ; 7.820 ; 7.820 ;
; OP[2]      ; SUM[6]      ; 8.018 ; 8.018 ; 8.018 ; 8.018 ;
; OP[2]      ; Z_Flag      ; 8.589 ; 8.589 ; 8.589 ; 8.589 ;
+------------+-------------+-------+-------+-------+-------+


+----------------------------------------------------------+
; Minimum Propagation Delay                                ;
+------------+-------------+-------+-------+-------+-------+
; Input Port ; Output Port ; RR    ; RF    ; FR    ; FF    ;
+------------+-------------+-------+-------+-------+-------+
; A[0]       ; N_Flag      ; 5.583 ; 5.583 ; 5.583 ; 5.583 ;
; A[0]       ; O_Flag      ; 5.936 ; 5.936 ; 5.936 ; 5.936 ;
; A[0]       ; SUM[0]      ; 4.682 ; 4.684 ; 4.684 ; 4.682 ;
; A[0]       ; SUM[1]      ; 5.127 ; 5.127 ; 5.127 ; 5.127 ;
; A[0]       ; SUM[2]      ; 5.414 ; 5.414 ; 5.414 ; 5.414 ;
; A[0]       ; SUM[3]      ; 5.583 ; 5.583 ; 5.583 ; 5.583 ;
; A[0]       ; SUM[4]      ; 5.550 ; 5.550 ; 5.550 ; 5.550 ;
; A[0]       ; SUM[5]      ; 5.543 ; 5.543 ; 5.543 ; 5.543 ;
; A[0]       ; SUM[6]      ; 5.722 ; 5.722 ; 5.722 ; 5.722 ;
; A[0]       ; Z_Flag      ; 5.329 ; 5.327 ; 5.327 ; 5.329 ;
; A[1]       ; N_Flag      ; 5.608 ; 5.608 ; 5.608 ; 5.608 ;
; A[1]       ; O_Flag      ; 5.961 ; 5.961 ; 5.961 ; 5.961 ;
; A[1]       ; SUM[1]      ; 4.293 ; 4.293 ; 4.293 ; 4.293 ;
; A[1]       ; SUM[2]      ; 5.439 ; 5.439 ; 5.439 ; 5.439 ;
; A[1]       ; SUM[3]      ; 5.608 ; 5.608 ; 5.608 ; 5.608 ;
; A[1]       ; SUM[4]      ; 5.575 ; 5.575 ; 5.575 ; 5.575 ;
; A[1]       ; SUM[5]      ; 5.568 ; 5.568 ; 5.568 ; 5.568 ;
; A[1]       ; SUM[6]      ; 5.747 ; 5.747 ; 5.747 ; 5.747 ;
; A[1]       ; Z_Flag      ; 5.213 ; 5.213 ; 5.213 ; 5.213 ;
; A[2]       ; N_Flag      ; 5.655 ; 5.655 ; 5.655 ; 5.655 ;
; A[2]       ; O_Flag      ; 6.008 ; 6.008 ; 6.008 ; 6.008 ;
; A[2]       ; SUM[2]      ; 4.850 ; 4.850 ; 4.850 ; 4.850 ;
; A[2]       ; SUM[3]      ; 5.655 ; 5.655 ; 5.655 ; 5.655 ;
; A[2]       ; SUM[4]      ; 5.622 ; 5.622 ; 5.622 ; 5.622 ;
; A[2]       ; SUM[5]      ; 5.615 ; 5.615 ; 5.615 ; 5.615 ;
; A[2]       ; SUM[6]      ; 5.794 ; 5.794 ; 5.794 ; 5.794 ;
; A[2]       ; Z_Flag      ; 5.521 ; 5.521 ; 5.521 ; 5.521 ;
; A[3]       ; N_Flag      ; 4.559 ; 4.559 ; 4.559 ; 4.559 ;
; A[3]       ; O_Flag      ; 4.912 ; 4.912 ; 4.912 ; 4.912 ;
; A[3]       ; SUM[3]      ; 3.791 ; 3.791 ; 3.791 ; 3.791 ;
; A[3]       ; SUM[4]      ; 4.526 ; 4.526 ; 4.526 ; 4.526 ;
; A[3]       ; SUM[5]      ; 4.519 ; 4.519 ; 4.519 ; 4.519 ;
; A[3]       ; SUM[6]      ; 4.698 ; 4.698 ; 4.698 ; 4.698 ;
; A[3]       ; Z_Flag      ; 4.330 ; 4.330 ; 4.330 ; 4.330 ;
; A[4]       ; N_Flag      ; 4.493 ; 4.493 ; 4.493 ; 4.493 ;
; A[4]       ; O_Flag      ; 4.846 ; 4.846 ; 4.846 ; 4.846 ;
; A[4]       ; SUM[4]      ; 3.976 ; 4.041 ; 4.041 ; 3.976 ;
; A[4]       ; SUM[5]      ; 4.453 ; 4.453 ; 4.453 ; 4.453 ;
; A[4]       ; SUM[6]      ; 4.632 ; 4.632 ; 4.632 ; 4.632 ;
; A[4]       ; Z_Flag      ; 4.229 ; 4.164 ; 4.164 ; 4.229 ;
; A[5]       ; N_Flag      ; 4.477 ; 4.477 ; 4.477 ; 4.477 ;
; A[5]       ; O_Flag      ; 4.830 ; 4.830 ; 4.830 ; 4.830 ;
; A[5]       ; SUM[5]      ; 3.930 ; 3.930 ; 3.930 ; 3.930 ;
; A[5]       ; SUM[6]      ; 4.616 ; 4.616 ; 4.616 ; 4.616 ;
; A[5]       ; Z_Flag      ; 4.224 ; 4.224 ; 4.224 ; 4.224 ;
; A[6]       ; N_Flag      ; 3.953 ; 4.186 ; 4.186 ; 3.953 ;
; A[6]       ; O_Flag      ; 3.830 ; 3.830 ; 3.830 ; 3.830 ;
; A[6]       ; SUM[6]      ; 4.092 ; 4.325 ; 4.325 ; 4.092 ;
; A[6]       ; Z_Flag      ; 4.556 ; 4.323 ; 4.323 ; 4.556 ;
; B[0]       ; N_Flag      ; 5.804 ; 5.804 ; 5.804 ; 5.804 ;
; B[0]       ; O_Flag      ; 6.157 ; 6.157 ; 6.157 ; 6.157 ;
; B[0]       ; SUM[0]      ; 4.539 ; 4.539 ; 4.539 ; 4.539 ;
; B[0]       ; SUM[1]      ; 5.348 ; 5.348 ; 5.348 ; 5.348 ;
; B[0]       ; SUM[2]      ; 5.635 ; 5.635 ; 5.635 ; 5.635 ;
; B[0]       ; SUM[3]      ; 5.804 ; 5.804 ; 5.804 ; 5.804 ;
; B[0]       ; SUM[4]      ; 5.771 ; 5.771 ; 5.771 ; 5.771 ;
; B[0]       ; SUM[5]      ; 5.764 ; 5.764 ; 5.764 ; 5.764 ;
; B[0]       ; SUM[6]      ; 5.943 ; 5.943 ; 5.943 ; 5.943 ;
; B[0]       ; Z_Flag      ; 5.184 ; 5.184 ; 5.184 ; 5.184 ;
; B[1]       ; N_Flag      ; 5.880 ; 5.880 ; 5.880 ; 5.880 ;
; B[1]       ; O_Flag      ; 6.233 ; 6.233 ; 6.233 ; 6.233 ;
; B[1]       ; SUM[1]      ; 4.348 ; 4.348 ; 4.348 ; 4.348 ;
; B[1]       ; SUM[2]      ; 5.711 ; 5.711 ; 5.711 ; 5.711 ;
; B[1]       ; SUM[3]      ; 5.880 ; 5.880 ; 5.880 ; 5.880 ;
; B[1]       ; SUM[4]      ; 5.847 ; 5.847 ; 5.847 ; 5.847 ;
; B[1]       ; SUM[5]      ; 5.840 ; 5.840 ; 5.840 ; 5.840 ;
; B[1]       ; SUM[6]      ; 6.019 ; 6.019 ; 6.019 ; 6.019 ;
; B[1]       ; Z_Flag      ; 5.268 ; 5.268 ; 5.268 ; 5.268 ;
; B[2]       ; N_Flag      ; 5.979 ; 5.979 ; 5.979 ; 5.979 ;
; B[2]       ; O_Flag      ; 6.332 ; 6.332 ; 6.332 ; 6.332 ;
; B[2]       ; SUM[2]      ; 4.884 ; 4.953 ; 4.953 ; 4.884 ;
; B[2]       ; SUM[3]      ; 5.979 ; 5.979 ; 5.979 ; 5.979 ;
; B[2]       ; SUM[4]      ; 5.946 ; 5.946 ; 5.946 ; 5.946 ;
; B[2]       ; SUM[5]      ; 5.939 ; 5.939 ; 5.939 ; 5.939 ;
; B[2]       ; SUM[6]      ; 6.118 ; 6.118 ; 6.118 ; 6.118 ;
; B[2]       ; Z_Flag      ; 5.624 ; 5.555 ; 5.555 ; 5.624 ;
; B[3]       ; N_Flag      ; 5.715 ; 5.715 ; 5.715 ; 5.715 ;
; B[3]       ; O_Flag      ; 6.068 ; 6.068 ; 6.068 ; 6.068 ;
; B[3]       ; SUM[3]      ; 4.698 ; 4.698 ; 4.698 ; 4.698 ;
; B[3]       ; SUM[4]      ; 5.682 ; 5.682 ; 5.682 ; 5.682 ;
; B[3]       ; SUM[5]      ; 5.675 ; 5.675 ; 5.675 ; 5.675 ;
; B[3]       ; SUM[6]      ; 5.854 ; 5.854 ; 5.854 ; 5.854 ;
; B[3]       ; Z_Flag      ; 5.237 ; 5.237 ; 5.237 ; 5.237 ;
; B[4]       ; N_Flag      ; 5.430 ; 5.430 ; 5.430 ; 5.430 ;
; B[4]       ; O_Flag      ; 5.783 ; 5.783 ; 5.783 ; 5.783 ;
; B[4]       ; SUM[4]      ; 4.538 ; 4.604 ; 4.604 ; 4.538 ;
; B[4]       ; SUM[5]      ; 5.390 ; 5.390 ; 5.390 ; 5.390 ;
; B[4]       ; SUM[6]      ; 5.569 ; 5.569 ; 5.569 ; 5.569 ;
; B[4]       ; Z_Flag      ; 4.792 ; 4.726 ; 4.726 ; 4.792 ;
; B[5]       ; N_Flag      ; 5.470 ; 5.470 ; 5.470 ; 5.470 ;
; B[5]       ; O_Flag      ; 5.823 ; 5.823 ; 5.823 ; 5.823 ;
; B[5]       ; SUM[5]      ; 4.465 ; 4.465 ; 4.465 ; 4.465 ;
; B[5]       ; SUM[6]      ; 5.609 ; 5.609 ; 5.609 ; 5.609 ;
; B[5]       ; Z_Flag      ; 4.759 ; 4.759 ; 4.759 ; 4.759 ;
; B[6]       ; N_Flag      ; 6.971 ; 7.088 ; 7.088 ; 6.971 ;
; B[6]       ; O_Flag      ; 6.854 ; 6.854 ; 6.854 ; 6.854 ;
; B[6]       ; SUM[6]      ; 7.110 ; 7.227 ; 7.227 ; 7.110 ;
; B[6]       ; Z_Flag      ; 7.458 ; 7.341 ; 7.341 ; 7.458 ;
; OP[0]      ; N_Flag      ; 6.880 ; 7.671 ; 7.671 ; 6.880 ;
; OP[0]      ; O_Flag      ; 7.233 ; 7.233 ; 7.233 ; 7.233 ;
; OP[0]      ; SUM[0]      ; 7.082 ; 7.610 ; 7.610 ; 7.082 ;
; OP[0]      ; SUM[1]      ; 6.730 ; 7.357 ; 7.357 ; 6.730 ;
; OP[0]      ; SUM[2]      ; 7.051 ; 7.644 ; 7.644 ; 7.051 ;
; OP[0]      ; SUM[3]      ; 7.063 ; 7.733 ; 7.733 ; 7.063 ;
; OP[0]      ; SUM[4]      ; 6.965 ; 7.607 ; 7.607 ; 6.965 ;
; OP[0]      ; SUM[5]      ; 6.979 ; 7.626 ; 7.626 ; 6.979 ;
; OP[0]      ; SUM[6]      ; 7.019 ; 7.810 ; 7.810 ; 7.019 ;
; OP[0]      ; Z_Flag      ; 7.795 ; 7.153 ; 7.153 ; 7.795 ;
; OP[1]      ; N_Flag      ; 6.636 ; 6.636 ; 6.636 ; 6.636 ;
; OP[1]      ; O_Flag      ; 6.989 ; 6.989 ; 6.989 ; 6.989 ;
; OP[1]      ; SUM[0]      ; 6.799 ; 6.799 ; 6.799 ; 6.799 ;
; OP[1]      ; SUM[1]      ; 6.445 ; 6.445 ; 6.445 ; 6.445 ;
; OP[1]      ; SUM[2]      ; 6.838 ; 6.838 ; 6.838 ; 6.838 ;
; OP[1]      ; SUM[3]      ; 6.779 ; 6.779 ; 6.779 ; 6.779 ;
; OP[1]      ; SUM[4]      ; 6.729 ; 6.729 ; 6.729 ; 6.729 ;
; OP[1]      ; SUM[5]      ; 6.758 ; 6.758 ; 6.758 ; 6.758 ;
; OP[1]      ; SUM[6]      ; 6.775 ; 6.775 ; 6.775 ; 6.775 ;
; OP[1]      ; Z_Flag      ; 6.917 ; 6.917 ; 6.917 ; 6.917 ;
; OP[2]      ; N_Flag      ; 6.859 ; 6.859 ; 6.859 ; 6.859 ;
; OP[2]      ; O_Flag      ; 7.212 ; 7.212 ; 7.212 ; 7.212 ;
; OP[2]      ; SUM[0]      ; 6.953 ; 6.953 ; 6.953 ; 6.953 ;
; OP[2]      ; SUM[1]      ; 6.594 ; 6.594 ; 6.594 ; 6.594 ;
; OP[2]      ; SUM[2]      ; 6.911 ; 6.911 ; 6.911 ; 6.911 ;
; OP[2]      ; SUM[3]      ; 6.929 ; 6.929 ; 6.929 ; 6.929 ;
; OP[2]      ; SUM[4]      ; 6.894 ; 6.894 ; 6.894 ; 6.894 ;
; OP[2]      ; SUM[5]      ; 6.907 ; 6.907 ; 6.907 ; 6.907 ;
; OP[2]      ; SUM[6]      ; 6.998 ; 6.998 ; 6.998 ; 6.998 ;
; OP[2]      ; Z_Flag      ; 7.082 ; 7.082 ; 7.082 ; 7.082 ;
+------------+-------------+-------+-------+-------+-------+


+----------------------------------------------------------------------------+
; Multicorner Timing Analysis Summary                                        ;
+------------------+-------+------+----------+---------+---------------------+
; Clock            ; Setup ; Hold ; Recovery ; Removal ; Minimum Pulse Width ;
+------------------+-------+------+----------+---------+---------------------+
; Worst-case Slack ; N/A   ; N/A  ; N/A      ; N/A     ; N/A                 ;
; Design-wide TNS  ; 0.0   ; 0.0  ; 0.0      ; 0.0     ; 0.0                 ;
+------------------+-------+------+----------+---------+---------------------+


+--------------------------------------------------------------+
; Progagation Delay                                            ;
+------------+-------------+--------+--------+--------+--------+
; Input Port ; Output Port ; RR     ; RF     ; FR     ; FF     ;
+------------+-------------+--------+--------+--------+--------+
; A[0]       ; N_Flag      ; 11.314 ; 11.314 ; 11.314 ; 11.314 ;
; A[0]       ; O_Flag      ; 12.082 ; 12.082 ; 12.082 ; 12.082 ;
; A[0]       ; SUM[0]      ; 10.578 ; 10.578 ; 10.578 ; 10.578 ;
; A[0]       ; SUM[1]      ; 10.209 ; 10.209 ; 10.209 ; 10.209 ;
; A[0]       ; SUM[2]      ; 11.003 ; 11.003 ; 11.003 ; 11.003 ;
; A[0]       ; SUM[3]      ; 11.305 ; 11.305 ; 11.305 ; 11.305 ;
; A[0]       ; SUM[4]      ; 11.147 ; 11.147 ; 11.147 ; 11.147 ;
; A[0]       ; SUM[5]      ; 11.121 ; 11.121 ; 11.121 ; 11.121 ;
; A[0]       ; SUM[6]      ; 11.578 ; 11.578 ; 11.578 ; 11.578 ;
; A[0]       ; Z_Flag      ; 12.489 ; 12.489 ; 12.489 ; 12.489 ;
; A[1]       ; N_Flag      ; 11.361 ; 11.361 ; 11.361 ; 11.361 ;
; A[1]       ; O_Flag      ; 12.129 ; 12.129 ; 12.129 ; 12.129 ;
; A[1]       ; SUM[1]      ; 9.941  ; 9.941  ; 9.941  ; 9.941  ;
; A[1]       ; SUM[2]      ; 11.050 ; 11.050 ; 11.050 ; 11.050 ;
; A[1]       ; SUM[3]      ; 11.352 ; 11.352 ; 11.352 ; 11.352 ;
; A[1]       ; SUM[4]      ; 11.194 ; 11.194 ; 11.194 ; 11.194 ;
; A[1]       ; SUM[5]      ; 11.168 ; 11.168 ; 11.168 ; 11.168 ;
; A[1]       ; SUM[6]      ; 11.625 ; 11.625 ; 11.625 ; 11.625 ;
; A[1]       ; Z_Flag      ; 12.536 ; 12.536 ; 12.536 ; 12.536 ;
; A[2]       ; N_Flag      ; 11.433 ; 11.433 ; 11.433 ; 11.433 ;
; A[2]       ; O_Flag      ; 12.201 ; 12.201 ; 12.201 ; 12.201 ;
; A[2]       ; SUM[2]      ; 10.802 ; 10.802 ; 10.802 ; 10.802 ;
; A[2]       ; SUM[3]      ; 11.424 ; 11.424 ; 11.424 ; 11.424 ;
; A[2]       ; SUM[4]      ; 11.266 ; 11.266 ; 11.266 ; 11.266 ;
; A[2]       ; SUM[5]      ; 11.240 ; 11.240 ; 11.240 ; 11.240 ;
; A[2]       ; SUM[6]      ; 11.697 ; 11.697 ; 11.697 ; 11.697 ;
; A[2]       ; Z_Flag      ; 12.608 ; 12.608 ; 12.608 ; 12.608 ;
; A[3]       ; N_Flag      ; 9.404  ; 9.404  ; 9.404  ; 9.404  ;
; A[3]       ; O_Flag      ; 10.172 ; 10.172 ; 10.172 ; 10.172 ;
; A[3]       ; SUM[3]      ; 9.080  ; 9.080  ; 9.080  ; 9.080  ;
; A[3]       ; SUM[4]      ; 9.237  ; 9.237  ; 9.237  ; 9.237  ;
; A[3]       ; SUM[5]      ; 9.211  ; 9.211  ; 9.211  ; 9.211  ;
; A[3]       ; SUM[6]      ; 9.668  ; 9.668  ; 9.668  ; 9.668  ;
; A[3]       ; Z_Flag      ; 10.264 ; 10.264 ; 10.264 ; 10.264 ;
; A[4]       ; N_Flag      ; 9.269  ; 9.269  ; 9.269  ; 9.269  ;
; A[4]       ; O_Flag      ; 10.037 ; 10.037 ; 10.037 ; 10.037 ;
; A[4]       ; SUM[4]      ; 8.786  ; 8.786  ; 8.786  ; 8.786  ;
; A[4]       ; SUM[5]      ; 9.076  ; 9.076  ; 9.076  ; 9.076  ;
; A[4]       ; SUM[6]      ; 9.533  ; 9.533  ; 9.533  ; 9.533  ;
; A[4]       ; Z_Flag      ; 10.057 ; 10.057 ; 10.057 ; 10.057 ;
; A[5]       ; N_Flag      ; 9.249  ; 9.249  ; 9.249  ; 9.249  ;
; A[5]       ; O_Flag      ; 10.017 ; 10.017 ; 10.017 ; 10.017 ;
; A[5]       ; SUM[5]      ; 8.741  ; 8.741  ; 8.741  ; 8.741  ;
; A[5]       ; SUM[6]      ; 9.513  ; 9.513  ; 9.513  ; 9.513  ;
; A[5]       ; Z_Flag      ; 10.037 ; 10.037 ; 10.037 ; 10.037 ;
; A[6]       ; N_Flag      ; 9.026  ; 9.026  ; 9.026  ; 9.026  ;
; A[6]       ; O_Flag      ; 9.794  ; 9.794  ; 9.794  ; 9.794  ;
; A[6]       ; SUM[6]      ; 9.290  ; 9.290  ; 9.290  ; 9.290  ;
; A[6]       ; Z_Flag      ; 9.814  ; 9.814  ; 9.814  ; 9.814  ;
; B[0]       ; N_Flag      ; 11.736 ; 11.736 ; 11.736 ; 11.736 ;
; B[0]       ; O_Flag      ; 12.504 ; 12.504 ; 12.504 ; 12.504 ;
; B[0]       ; SUM[0]      ; 11.001 ; 11.001 ; 11.001 ; 11.001 ;
; B[0]       ; SUM[1]      ; 10.631 ; 10.631 ; 10.631 ; 10.631 ;
; B[0]       ; SUM[2]      ; 11.425 ; 11.425 ; 11.425 ; 11.425 ;
; B[0]       ; SUM[3]      ; 11.727 ; 11.727 ; 11.727 ; 11.727 ;
; B[0]       ; SUM[4]      ; 11.569 ; 11.569 ; 11.569 ; 11.569 ;
; B[0]       ; SUM[5]      ; 11.543 ; 11.543 ; 11.543 ; 11.543 ;
; B[0]       ; SUM[6]      ; 12.000 ; 12.000 ; 12.000 ; 12.000 ;
; B[0]       ; Z_Flag      ; 12.911 ; 12.911 ; 12.911 ; 12.911 ;
; B[1]       ; N_Flag      ; 11.915 ; 11.915 ; 11.915 ; 11.915 ;
; B[1]       ; O_Flag      ; 12.683 ; 12.683 ; 12.683 ; 12.683 ;
; B[1]       ; SUM[1]      ; 10.498 ; 10.498 ; 10.498 ; 10.498 ;
; B[1]       ; SUM[2]      ; 11.604 ; 11.604 ; 11.604 ; 11.604 ;
; B[1]       ; SUM[3]      ; 11.906 ; 11.906 ; 11.906 ; 11.906 ;
; B[1]       ; SUM[4]      ; 11.748 ; 11.748 ; 11.748 ; 11.748 ;
; B[1]       ; SUM[5]      ; 11.722 ; 11.722 ; 11.722 ; 11.722 ;
; B[1]       ; SUM[6]      ; 12.179 ; 12.179 ; 12.179 ; 12.179 ;
; B[1]       ; Z_Flag      ; 13.090 ; 13.090 ; 13.090 ; 13.090 ;
; B[2]       ; N_Flag      ; 12.054 ; 12.054 ; 12.054 ; 12.054 ;
; B[2]       ; O_Flag      ; 12.822 ; 12.822 ; 12.822 ; 12.822 ;
; B[2]       ; SUM[2]      ; 11.426 ; 11.426 ; 11.426 ; 11.426 ;
; B[2]       ; SUM[3]      ; 12.045 ; 12.045 ; 12.045 ; 12.045 ;
; B[2]       ; SUM[4]      ; 11.887 ; 11.887 ; 11.887 ; 11.887 ;
; B[2]       ; SUM[5]      ; 11.861 ; 11.861 ; 11.861 ; 11.861 ;
; B[2]       ; SUM[6]      ; 12.318 ; 12.318 ; 12.318 ; 12.318 ;
; B[2]       ; Z_Flag      ; 13.229 ; 13.229 ; 13.229 ; 13.229 ;
; B[3]       ; N_Flag      ; 11.697 ; 11.697 ; 11.697 ; 11.697 ;
; B[3]       ; O_Flag      ; 12.465 ; 12.465 ; 12.465 ; 12.465 ;
; B[3]       ; SUM[3]      ; 11.376 ; 11.376 ; 11.376 ; 11.376 ;
; B[3]       ; SUM[4]      ; 11.530 ; 11.530 ; 11.530 ; 11.530 ;
; B[3]       ; SUM[5]      ; 11.504 ; 11.504 ; 11.504 ; 11.504 ;
; B[3]       ; SUM[6]      ; 11.961 ; 11.961 ; 11.961 ; 11.961 ;
; B[3]       ; Z_Flag      ; 12.560 ; 12.560 ; 12.560 ; 12.560 ;
; B[4]       ; N_Flag      ; 11.150 ; 11.150 ; 11.150 ; 11.150 ;
; B[4]       ; O_Flag      ; 11.918 ; 11.918 ; 11.918 ; 11.918 ;
; B[4]       ; SUM[4]      ; 10.668 ; 10.668 ; 10.668 ; 10.668 ;
; B[4]       ; SUM[5]      ; 10.957 ; 10.957 ; 10.957 ; 10.957 ;
; B[4]       ; SUM[6]      ; 11.414 ; 11.414 ; 11.414 ; 11.414 ;
; B[4]       ; Z_Flag      ; 11.938 ; 11.938 ; 11.938 ; 11.938 ;
; B[5]       ; N_Flag      ; 11.236 ; 11.236 ; 11.236 ; 11.236 ;
; B[5]       ; O_Flag      ; 12.004 ; 12.004 ; 12.004 ; 12.004 ;
; B[5]       ; SUM[5]      ; 10.731 ; 10.731 ; 10.731 ; 10.731 ;
; B[5]       ; SUM[6]      ; 11.500 ; 11.500 ; 11.500 ; 11.500 ;
; B[5]       ; Z_Flag      ; 12.024 ; 12.024 ; 12.024 ; 12.024 ;
; B[6]       ; N_Flag      ; 15.027 ; 15.027 ; 15.027 ; 15.027 ;
; B[6]       ; O_Flag      ; 15.795 ; 15.795 ; 15.795 ; 15.795 ;
; B[6]       ; SUM[6]      ; 15.291 ; 15.291 ; 15.291 ; 15.291 ;
; B[6]       ; Z_Flag      ; 15.815 ; 15.815 ; 15.815 ; 15.815 ;
; OP[0]      ; N_Flag      ; 15.893 ; 15.893 ; 15.893 ; 15.893 ;
; OP[0]      ; O_Flag      ; 16.661 ; 16.661 ; 16.661 ; 16.661 ;
; OP[0]      ; SUM[0]      ; 15.158 ; 15.158 ; 15.158 ; 15.158 ;
; OP[0]      ; SUM[1]      ; 14.788 ; 14.788 ; 14.788 ; 14.788 ;
; OP[0]      ; SUM[2]      ; 15.582 ; 15.582 ; 15.582 ; 15.582 ;
; OP[0]      ; SUM[3]      ; 15.884 ; 15.884 ; 15.884 ; 15.884 ;
; OP[0]      ; SUM[4]      ; 15.726 ; 15.726 ; 15.726 ; 15.726 ;
; OP[0]      ; SUM[5]      ; 15.700 ; 15.700 ; 15.700 ; 15.700 ;
; OP[0]      ; SUM[6]      ; 16.157 ; 16.157 ; 16.157 ; 16.157 ;
; OP[0]      ; Z_Flag      ; 17.068 ; 17.068 ; 17.068 ; 17.068 ;
; OP[1]      ; N_Flag      ; 14.825 ; 14.825 ; 14.825 ; 14.825 ;
; OP[1]      ; O_Flag      ; 15.593 ; 15.593 ; 15.593 ; 15.593 ;
; OP[1]      ; SUM[0]      ; 14.919 ; 14.919 ; 14.919 ; 14.919 ;
; OP[1]      ; SUM[1]      ; 14.172 ; 14.172 ; 14.172 ; 14.172 ;
; OP[1]      ; SUM[2]      ; 14.738 ; 14.738 ; 14.738 ; 14.738 ;
; OP[1]      ; SUM[3]      ; 14.872 ; 14.872 ; 14.872 ; 14.872 ;
; OP[1]      ; SUM[4]      ; 14.624 ; 14.624 ; 14.624 ; 14.624 ;
; OP[1]      ; SUM[5]      ; 14.537 ; 14.537 ; 14.537 ; 14.537 ;
; OP[1]      ; SUM[6]      ; 15.089 ; 15.089 ; 15.089 ; 15.089 ;
; OP[1]      ; Z_Flag      ; 16.396 ; 16.396 ; 16.396 ; 16.396 ;
; OP[2]      ; N_Flag      ; 14.852 ; 14.852 ; 14.852 ; 14.852 ;
; OP[2]      ; O_Flag      ; 15.620 ; 15.620 ; 15.620 ; 15.620 ;
; OP[2]      ; SUM[0]      ; 14.946 ; 14.946 ; 14.946 ; 14.946 ;
; OP[2]      ; SUM[1]      ; 14.199 ; 14.199 ; 14.199 ; 14.199 ;
; OP[2]      ; SUM[2]      ; 14.765 ; 14.765 ; 14.765 ; 14.765 ;
; OP[2]      ; SUM[3]      ; 14.899 ; 14.899 ; 14.899 ; 14.899 ;
; OP[2]      ; SUM[4]      ; 14.651 ; 14.651 ; 14.651 ; 14.651 ;
; OP[2]      ; SUM[5]      ; 14.564 ; 14.564 ; 14.564 ; 14.564 ;
; OP[2]      ; SUM[6]      ; 15.116 ; 15.116 ; 15.116 ; 15.116 ;
; OP[2]      ; Z_Flag      ; 16.423 ; 16.423 ; 16.423 ; 16.423 ;
+------------+-------------+--------+--------+--------+--------+


+----------------------------------------------------------+
; Minimum Progagation Delay                                ;
+------------+-------------+-------+-------+-------+-------+
; Input Port ; Output Port ; RR    ; RF    ; FR    ; FF    ;
+------------+-------------+-------+-------+-------+-------+
; A[0]       ; N_Flag      ; 5.583 ; 5.583 ; 5.583 ; 5.583 ;
; A[0]       ; O_Flag      ; 5.936 ; 5.936 ; 5.936 ; 5.936 ;
; A[0]       ; SUM[0]      ; 4.682 ; 4.684 ; 4.684 ; 4.682 ;
; A[0]       ; SUM[1]      ; 5.127 ; 5.127 ; 5.127 ; 5.127 ;
; A[0]       ; SUM[2]      ; 5.414 ; 5.414 ; 5.414 ; 5.414 ;
; A[0]       ; SUM[3]      ; 5.583 ; 5.583 ; 5.583 ; 5.583 ;
; A[0]       ; SUM[4]      ; 5.550 ; 5.550 ; 5.550 ; 5.550 ;
; A[0]       ; SUM[5]      ; 5.543 ; 5.543 ; 5.543 ; 5.543 ;
; A[0]       ; SUM[6]      ; 5.722 ; 5.722 ; 5.722 ; 5.722 ;
; A[0]       ; Z_Flag      ; 5.329 ; 5.327 ; 5.327 ; 5.329 ;
; A[1]       ; N_Flag      ; 5.608 ; 5.608 ; 5.608 ; 5.608 ;
; A[1]       ; O_Flag      ; 5.961 ; 5.961 ; 5.961 ; 5.961 ;
; A[1]       ; SUM[1]      ; 4.293 ; 4.293 ; 4.293 ; 4.293 ;
; A[1]       ; SUM[2]      ; 5.439 ; 5.439 ; 5.439 ; 5.439 ;
; A[1]       ; SUM[3]      ; 5.608 ; 5.608 ; 5.608 ; 5.608 ;
; A[1]       ; SUM[4]      ; 5.575 ; 5.575 ; 5.575 ; 5.575 ;
; A[1]       ; SUM[5]      ; 5.568 ; 5.568 ; 5.568 ; 5.568 ;
; A[1]       ; SUM[6]      ; 5.747 ; 5.747 ; 5.747 ; 5.747 ;
; A[1]       ; Z_Flag      ; 5.213 ; 5.213 ; 5.213 ; 5.213 ;
; A[2]       ; N_Flag      ; 5.655 ; 5.655 ; 5.655 ; 5.655 ;
; A[2]       ; O_Flag      ; 6.008 ; 6.008 ; 6.008 ; 6.008 ;
; A[2]       ; SUM[2]      ; 4.850 ; 4.850 ; 4.850 ; 4.850 ;
; A[2]       ; SUM[3]      ; 5.655 ; 5.655 ; 5.655 ; 5.655 ;
; A[2]       ; SUM[4]      ; 5.622 ; 5.622 ; 5.622 ; 5.622 ;
; A[2]       ; SUM[5]      ; 5.615 ; 5.615 ; 5.615 ; 5.615 ;
; A[2]       ; SUM[6]      ; 5.794 ; 5.794 ; 5.794 ; 5.794 ;
; A[2]       ; Z_Flag      ; 5.521 ; 5.521 ; 5.521 ; 5.521 ;
; A[3]       ; N_Flag      ; 4.559 ; 4.559 ; 4.559 ; 4.559 ;
; A[3]       ; O_Flag      ; 4.912 ; 4.912 ; 4.912 ; 4.912 ;
; A[3]       ; SUM[3]      ; 3.791 ; 3.791 ; 3.791 ; 3.791 ;
; A[3]       ; SUM[4]      ; 4.526 ; 4.526 ; 4.526 ; 4.526 ;
; A[3]       ; SUM[5]      ; 4.519 ; 4.519 ; 4.519 ; 4.519 ;
; A[3]       ; SUM[6]      ; 4.698 ; 4.698 ; 4.698 ; 4.698 ;
; A[3]       ; Z_Flag      ; 4.330 ; 4.330 ; 4.330 ; 4.330 ;
; A[4]       ; N_Flag      ; 4.493 ; 4.493 ; 4.493 ; 4.493 ;
; A[4]       ; O_Flag      ; 4.846 ; 4.846 ; 4.846 ; 4.846 ;
; A[4]       ; SUM[4]      ; 3.976 ; 4.041 ; 4.041 ; 3.976 ;
; A[4]       ; SUM[5]      ; 4.453 ; 4.453 ; 4.453 ; 4.453 ;
; A[4]       ; SUM[6]      ; 4.632 ; 4.632 ; 4.632 ; 4.632 ;
; A[4]       ; Z_Flag      ; 4.229 ; 4.164 ; 4.164 ; 4.229 ;
; A[5]       ; N_Flag      ; 4.477 ; 4.477 ; 4.477 ; 4.477 ;
; A[5]       ; O_Flag      ; 4.830 ; 4.830 ; 4.830 ; 4.830 ;
; A[5]       ; SUM[5]      ; 3.930 ; 3.930 ; 3.930 ; 3.930 ;
; A[5]       ; SUM[6]      ; 4.616 ; 4.616 ; 4.616 ; 4.616 ;
; A[5]       ; Z_Flag      ; 4.224 ; 4.224 ; 4.224 ; 4.224 ;
; A[6]       ; N_Flag      ; 3.953 ; 4.186 ; 4.186 ; 3.953 ;
; A[6]       ; O_Flag      ; 3.830 ; 3.830 ; 3.830 ; 3.830 ;
; A[6]       ; SUM[6]      ; 4.092 ; 4.325 ; 4.325 ; 4.092 ;
; A[6]       ; Z_Flag      ; 4.556 ; 4.323 ; 4.323 ; 4.556 ;
; B[0]       ; N_Flag      ; 5.804 ; 5.804 ; 5.804 ; 5.804 ;
; B[0]       ; O_Flag      ; 6.157 ; 6.157 ; 6.157 ; 6.157 ;
; B[0]       ; SUM[0]      ; 4.539 ; 4.539 ; 4.539 ; 4.539 ;
; B[0]       ; SUM[1]      ; 5.348 ; 5.348 ; 5.348 ; 5.348 ;
; B[0]       ; SUM[2]      ; 5.635 ; 5.635 ; 5.635 ; 5.635 ;
; B[0]       ; SUM[3]      ; 5.804 ; 5.804 ; 5.804 ; 5.804 ;
; B[0]       ; SUM[4]      ; 5.771 ; 5.771 ; 5.771 ; 5.771 ;
; B[0]       ; SUM[5]      ; 5.764 ; 5.764 ; 5.764 ; 5.764 ;
; B[0]       ; SUM[6]      ; 5.943 ; 5.943 ; 5.943 ; 5.943 ;
; B[0]       ; Z_Flag      ; 5.184 ; 5.184 ; 5.184 ; 5.184 ;
; B[1]       ; N_Flag      ; 5.880 ; 5.880 ; 5.880 ; 5.880 ;
; B[1]       ; O_Flag      ; 6.233 ; 6.233 ; 6.233 ; 6.233 ;
; B[1]       ; SUM[1]      ; 4.348 ; 4.348 ; 4.348 ; 4.348 ;
; B[1]       ; SUM[2]      ; 5.711 ; 5.711 ; 5.711 ; 5.711 ;
; B[1]       ; SUM[3]      ; 5.880 ; 5.880 ; 5.880 ; 5.880 ;
; B[1]       ; SUM[4]      ; 5.847 ; 5.847 ; 5.847 ; 5.847 ;
; B[1]       ; SUM[5]      ; 5.840 ; 5.840 ; 5.840 ; 5.840 ;
; B[1]       ; SUM[6]      ; 6.019 ; 6.019 ; 6.019 ; 6.019 ;
; B[1]       ; Z_Flag      ; 5.268 ; 5.268 ; 5.268 ; 5.268 ;
; B[2]       ; N_Flag      ; 5.979 ; 5.979 ; 5.979 ; 5.979 ;
; B[2]       ; O_Flag      ; 6.332 ; 6.332 ; 6.332 ; 6.332 ;
; B[2]       ; SUM[2]      ; 4.884 ; 4.953 ; 4.953 ; 4.884 ;
; B[2]       ; SUM[3]      ; 5.979 ; 5.979 ; 5.979 ; 5.979 ;
; B[2]       ; SUM[4]      ; 5.946 ; 5.946 ; 5.946 ; 5.946 ;
; B[2]       ; SUM[5]      ; 5.939 ; 5.939 ; 5.939 ; 5.939 ;
; B[2]       ; SUM[6]      ; 6.118 ; 6.118 ; 6.118 ; 6.118 ;
; B[2]       ; Z_Flag      ; 5.624 ; 5.555 ; 5.555 ; 5.624 ;
; B[3]       ; N_Flag      ; 5.715 ; 5.715 ; 5.715 ; 5.715 ;
; B[3]       ; O_Flag      ; 6.068 ; 6.068 ; 6.068 ; 6.068 ;
; B[3]       ; SUM[3]      ; 4.698 ; 4.698 ; 4.698 ; 4.698 ;
; B[3]       ; SUM[4]      ; 5.682 ; 5.682 ; 5.682 ; 5.682 ;
; B[3]       ; SUM[5]      ; 5.675 ; 5.675 ; 5.675 ; 5.675 ;
; B[3]       ; SUM[6]      ; 5.854 ; 5.854 ; 5.854 ; 5.854 ;
; B[3]       ; Z_Flag      ; 5.237 ; 5.237 ; 5.237 ; 5.237 ;
; B[4]       ; N_Flag      ; 5.430 ; 5.430 ; 5.430 ; 5.430 ;
; B[4]       ; O_Flag      ; 5.783 ; 5.783 ; 5.783 ; 5.783 ;
; B[4]       ; SUM[4]      ; 4.538 ; 4.604 ; 4.604 ; 4.538 ;
; B[4]       ; SUM[5]      ; 5.390 ; 5.390 ; 5.390 ; 5.390 ;
; B[4]       ; SUM[6]      ; 5.569 ; 5.569 ; 5.569 ; 5.569 ;
; B[4]       ; Z_Flag      ; 4.792 ; 4.726 ; 4.726 ; 4.792 ;
; B[5]       ; N_Flag      ; 5.470 ; 5.470 ; 5.470 ; 5.470 ;
; B[5]       ; O_Flag      ; 5.823 ; 5.823 ; 5.823 ; 5.823 ;
; B[5]       ; SUM[5]      ; 4.465 ; 4.465 ; 4.465 ; 4.465 ;
; B[5]       ; SUM[6]      ; 5.609 ; 5.609 ; 5.609 ; 5.609 ;
; B[5]       ; Z_Flag      ; 4.759 ; 4.759 ; 4.759 ; 4.759 ;
; B[6]       ; N_Flag      ; 6.971 ; 7.088 ; 7.088 ; 6.971 ;
; B[6]       ; O_Flag      ; 6.854 ; 6.854 ; 6.854 ; 6.854 ;
; B[6]       ; SUM[6]      ; 7.110 ; 7.227 ; 7.227 ; 7.110 ;
; B[6]       ; Z_Flag      ; 7.458 ; 7.341 ; 7.341 ; 7.458 ;
; OP[0]      ; N_Flag      ; 6.880 ; 7.671 ; 7.671 ; 6.880 ;
; OP[0]      ; O_Flag      ; 7.233 ; 7.233 ; 7.233 ; 7.233 ;
; OP[0]      ; SUM[0]      ; 7.082 ; 7.610 ; 7.610 ; 7.082 ;
; OP[0]      ; SUM[1]      ; 6.730 ; 7.357 ; 7.357 ; 6.730 ;
; OP[0]      ; SUM[2]      ; 7.051 ; 7.644 ; 7.644 ; 7.051 ;
; OP[0]      ; SUM[3]      ; 7.063 ; 7.733 ; 7.733 ; 7.063 ;
; OP[0]      ; SUM[4]      ; 6.965 ; 7.607 ; 7.607 ; 6.965 ;
; OP[0]      ; SUM[5]      ; 6.979 ; 7.626 ; 7.626 ; 6.979 ;
; OP[0]      ; SUM[6]      ; 7.019 ; 7.810 ; 7.810 ; 7.019 ;
; OP[0]      ; Z_Flag      ; 7.795 ; 7.153 ; 7.153 ; 7.795 ;
; OP[1]      ; N_Flag      ; 6.636 ; 6.636 ; 6.636 ; 6.636 ;
; OP[1]      ; O_Flag      ; 6.989 ; 6.989 ; 6.989 ; 6.989 ;
; OP[1]      ; SUM[0]      ; 6.799 ; 6.799 ; 6.799 ; 6.799 ;
; OP[1]      ; SUM[1]      ; 6.445 ; 6.445 ; 6.445 ; 6.445 ;
; OP[1]      ; SUM[2]      ; 6.838 ; 6.838 ; 6.838 ; 6.838 ;
; OP[1]      ; SUM[3]      ; 6.779 ; 6.779 ; 6.779 ; 6.779 ;
; OP[1]      ; SUM[4]      ; 6.729 ; 6.729 ; 6.729 ; 6.729 ;
; OP[1]      ; SUM[5]      ; 6.758 ; 6.758 ; 6.758 ; 6.758 ;
; OP[1]      ; SUM[6]      ; 6.775 ; 6.775 ; 6.775 ; 6.775 ;
; OP[1]      ; Z_Flag      ; 6.917 ; 6.917 ; 6.917 ; 6.917 ;
; OP[2]      ; N_Flag      ; 6.859 ; 6.859 ; 6.859 ; 6.859 ;
; OP[2]      ; O_Flag      ; 7.212 ; 7.212 ; 7.212 ; 7.212 ;
; OP[2]      ; SUM[0]      ; 6.953 ; 6.953 ; 6.953 ; 6.953 ;
; OP[2]      ; SUM[1]      ; 6.594 ; 6.594 ; 6.594 ; 6.594 ;
; OP[2]      ; SUM[2]      ; 6.911 ; 6.911 ; 6.911 ; 6.911 ;
; OP[2]      ; SUM[3]      ; 6.929 ; 6.929 ; 6.929 ; 6.929 ;
; OP[2]      ; SUM[4]      ; 6.894 ; 6.894 ; 6.894 ; 6.894 ;
; OP[2]      ; SUM[5]      ; 6.907 ; 6.907 ; 6.907 ; 6.907 ;
; OP[2]      ; SUM[6]      ; 6.998 ; 6.998 ; 6.998 ; 6.998 ;
; OP[2]      ; Z_Flag      ; 7.082 ; 7.082 ; 7.082 ; 7.082 ;
+------------+-------------+-------+-------+-------+-------+


-------------------
; Clock Transfers ;
-------------------
Nothing to report.


---------------
; Report TCCS ;
---------------
No dedicated SERDES Transmitter circuitry present in device or used in design


---------------
; Report RSKM ;
---------------
No dedicated SERDES Receiver circuitry present in device or used in design


+------------------------------------------------+
; Unconstrained Paths                            ;
+---------------------------------+-------+------+
; Property                        ; Setup ; Hold ;
+---------------------------------+-------+------+
; Illegal Clocks                  ; 0     ; 0    ;
; Unconstrained Clocks            ; 0     ; 0    ;
; Unconstrained Input Ports       ; 17    ; 17   ;
; Unconstrained Input Port Paths  ; 128   ; 128  ;
; Unconstrained Output Ports      ; 10    ; 10   ;
; Unconstrained Output Port Paths ; 128   ; 128  ;
+---------------------------------+-------+------+


+------------------------------------+
; TimeQuest Timing Analyzer Messages ;
+------------------------------------+
Info: *******************************************************************
Info: Running Quartus II 64-Bit TimeQuest Timing Analyzer
    Info: Version 13.0.1 Build 232 06/12/2013 Service Pack 1 SJ Web Edition
    Info: Processing started: Mon Sep  6 16:52:22 2021
Info: Command: quartus_sta Lab1 -c Lab1
Info: qsta_default_script.tcl version: #1
Warning (20028): Parallel compilation is not licensed and has been disabled
Info (21077): Low junction temperature is 0 degrees C
Info (21077): High junction temperature is 85 degrees C
Critical Warning (332012): Synopsys Design Constraints File file not found: 'Lab1.sdc'. A Synopsys Design Constraints File is required by the TimeQuest Timing Analyzer to get proper timing constraints. Without it, the Compiler will not properly optimize the design.
Info (332142): No user constrained base clocks found in the design. Calling "derive_clocks -period 1.0"
Info (332096): The command derive_clocks did not find any clocks to derive.  No clocks were created or changed.
Warning (332068): No clocks defined in design.
Info: Found TIMEQUEST_REPORT_SCRIPT_INCLUDE_DEFAULT_ANALYSIS = ON
Info (332159): No clocks to report
Info: Analyzing Slow Model
Info (332140): No fmax paths to report
Info (332140): No Setup paths to report
Info (332140): No Hold paths to report
Info (332140): No Recovery paths to report
Info (332140): No Removal paths to report
Info (332140): No Minimum Pulse Width paths to report
Info (332001): The selected device family is not supported by the report_metastability command.
Info: Analyzing Fast Model
Info (332142): No user constrained base clocks found in the design. Calling "derive_clocks -period 1.0"
Info (332096): The command derive_clocks did not find any clocks to derive.  No clocks were created or changed.
Warning (332068): No clocks defined in design.
Info (332140): No Setup paths to report
Info (332140): No Hold paths to report
Info (332140): No Recovery paths to report
Info (332140): No Removal paths to report
Info (332140): No Minimum Pulse Width paths to report
Info (332001): The selected device family is not supported by the report_metastability command.
Info (332102): Design is not fully constrained for setup requirements
Info (332102): Design is not fully constrained for hold requirements
Info: Quartus II 64-Bit TimeQuest Timing Analyzer was successful. 0 errors, 4 warnings
    Info: Peak virtual memory: 502 megabytes
    Info: Processing ended: Mon Sep  6 16:52:23 2021
    Info: Elapsed time: 00:00:01
    Info: Total CPU time (on all processors): 00:00:01


