Flow report for Compendium
Thu Sep  2 18:55:15 2021
Quartus II 64-Bit Version 13.0.1 Build 232 06/12/2013 Service Pack 1 SJ Web Edition


---------------------
; Table of Contents ;
---------------------
  1. Legal Notice
  2. Flow Summary
  3. Flow Settings
  4. Flow Non-Default Global Settings
  5. Flow Elapsed Time
  6. Flow OS Summary
  7. Flow Log
  8. Flow Messages
  9. Flow Suppressed Messages



----------------
; Legal Notice ;
----------------
Copyright (C) 1991-2013 Altera Corporation
Your use of Altera Corporation's design tools, logic functions 
and other software and tools, and its AMPP partner logic 
functions, and any output files from any of the foregoing 
(including device programming or simulation files), and any 
associated documentation or information are expressly subject 
to the terms and conditions of the Altera Program License 
Subscription Agreement, Altera MegaCore Function License 
Agreement, or other applicable license agreement, including, 
without limitation, that your use is for the sole purpose of 
programming logic devices manufactured by Altera and sold by 
Altera or its authorized distributors.  Please refer to the 
applicable agreement for further details.



+--------------------------------------------------------------------------------------+
; Flow Summary                                                                         ;
+------------------------------------+-------------------------------------------------+
; Flow Status                        ; Successful - Thu Sep  2 18:55:15 2021           ;
; Quartus II 64-Bit Version          ; 13.0.1 Build 232 06/12/2013 SP 1 SJ Web Edition ;
; Revision Name                      ; Compendium                                      ;
; Top-level Entity Name              ; async_reset_D_FF                                ;
; Family                             ; Cyclone II                                      ;
; Device                             ; EP2C5AF256A7                                    ;
; Timing Models                      ; Final                                           ;
; Total logic elements               ; 1 / 4,608 ( < 1 % )                             ;
;     Total combinational functions  ; 0 / 4,608 ( 0 % )                               ;
;     Dedicated logic registers      ; 1 / 4,608 ( < 1 % )                             ;
; Total registers                    ; 1                                               ;
; Total pins                         ; 4 / 158 ( 3 % )                                 ;
; Total virtual pins                 ; 0                                               ;
; Total memory bits                  ; 0 / 119,808 ( 0 % )                             ;
; Embedded Multiplier 9-bit elements ; 0 / 26 ( 0 % )                                  ;
; Total PLLs                         ; 0 / 2 ( 0 % )                                   ;
+------------------------------------+-------------------------------------------------+


+-----------------------------------------+
; Flow Settings                           ;
+-------------------+---------------------+
; Option            ; Setting             ;
+-------------------+---------------------+
; Start date & time ; 09/02/2021 18:55:09 ;
; Main task         ; Compilation         ;
; Revision Name     ; Compendium          ;
+-------------------+---------------------+


+----------------------------------------------------------------------------------------------------------------------------+
; Flow Non-Default Global Settings                                                                                           ;
+-------------------------------------+------------------------+---------------+----------------------+----------------------+
; Assignment Name                     ; Value                  ; Default Value ; Entity Name          ; Section Id           ;
+-------------------------------------+------------------------+---------------+----------------------+----------------------+
; COMPILER_SIGNATURE_ID               ; 0.163060170938833      ; --            ; --                   ; --                   ;
; EDA_DESIGN_ENTRY_SYNTHESIS_TOOL     ; Blast FPGA             ; <None>        ; async_reset_D_FF.vhd ; --                   ;
; EDA_INPUT_DATA_FORMAT               ; Vqm                    ; --            ; async_reset_D_FF.vhd ; eda_design_synthesis ;
; EDA_INPUT_GND_NAME                  ; Gnd                    ; --            ; async_reset_D_FF.vhd ; eda_design_synthesis ;
; EDA_INPUT_VCC_NAME                  ; Vdd                    ; --            ; async_reset_D_FF.vhd ; eda_design_synthesis ;
; EDA_LMF_FILE                        ; blast.lmf              ; --            ; async_reset_D_FF.vhd ; eda_design_synthesis ;
; EDA_OUTPUT_DATA_FORMAT              ; Vhdl                   ; --            ; --                   ; eda_simulation       ;
; EDA_RUN_TOOL_AUTOMATICALLY          ; Off                    ; --            ; async_reset_D_FF.vhd ; eda_design_synthesis ;
; EDA_SHOW_LMF_MAPPING_MESSAGES       ; Off                    ; --            ; async_reset_D_FF.vhd ; eda_design_synthesis ;
; EDA_SIMULATION_TOOL                 ; ModelSim-Altera (VHDL) ; <None>        ; --                   ; --                   ;
; MAX_CORE_JUNCTION_TEMP              ; 125                    ; --            ; --                   ; --                   ;
; MIN_CORE_JUNCTION_TEMP              ; -40                    ; --            ; --                   ; --                   ;
; PARTITION_COLOR                     ; 16764057               ; --            ; async_reset_D_FF     ; Top                  ;
; PARTITION_FITTER_PRESERVATION_LEVEL ; PLACEMENT_AND_ROUTING  ; --            ; async_reset_D_FF     ; Top                  ;
; PARTITION_NETLIST_TYPE              ; SOURCE                 ; --            ; async_reset_D_FF     ; Top                  ;
; PROJECT_OUTPUT_DIRECTORY            ; output_files           ; --            ; --                   ; --                   ;
; TOP_LEVEL_ENTITY                    ; async_reset_D_FF       ; Compendium    ; --                   ; --                   ;
+-------------------------------------+------------------------+---------------+----------------------+----------------------+


+-------------------------------------------------------------------------------------------------------------------------------+
; Flow Elapsed Time                                                                                                             ;
+---------------------------+--------------+-------------------------+---------------------+------------------------------------+
; Module Name               ; Elapsed Time ; Average Processors Used ; Peak Virtual Memory ; Total CPU Time (on all processors) ;
+---------------------------+--------------+-------------------------+---------------------+------------------------------------+
; Analysis & Synthesis      ; 00:00:01     ; 1.0                     ; 589 MB              ; 00:00:01                           ;
; Fitter                    ; 00:00:01     ; 1.0                     ; 628 MB              ; 00:00:01                           ;
; Assembler                 ; 00:00:01     ; 1.0                     ; 529 MB              ; 00:00:00                           ;
; TimeQuest Timing Analyzer ; 00:00:01     ; 1.0                     ; 481 MB              ; 00:00:00                           ;
; EDA Netlist Writer        ; 00:00:01     ; 1.0                     ; 771 MB              ; 00:00:00                           ;
; Total                     ; 00:00:05     ; --                      ; --                  ; 00:00:02                           ;
+---------------------------+--------------+-------------------------+---------------------+------------------------------------+


+-------------------------------------------------------------------------------------------+
; Flow OS Summary                                                                           ;
+---------------------------+------------------+--------------+------------+----------------+
; Module Name               ; Machine Hostname ; OS Name      ; OS Version ; Processor type ;
+---------------------------+------------------+--------------+------------+----------------+
; Analysis & Synthesis      ; MoggeDesktop     ; Ubuntu 21.04 ; 21         ; x86_64         ;
; Fitter                    ; MoggeDesktop     ; Ubuntu 21.04 ; 21         ; x86_64         ;
; Assembler                 ; MoggeDesktop     ; Ubuntu 21.04 ; 21         ; x86_64         ;
; TimeQuest Timing Analyzer ; MoggeDesktop     ; Ubuntu 21.04 ; 21         ; x86_64         ;
; EDA Netlist Writer        ; MoggeDesktop     ; Ubuntu 21.04 ; 21         ; x86_64         ;
+---------------------------+------------------+--------------+------------+----------------+


------------
; Flow Log ;
------------
quartus_map --read_settings_files=on --write_settings_files=off Compendium -c Compendium
quartus_fit --read_settings_files=off --write_settings_files=off Compendium -c Compendium
quartus_asm --read_settings_files=off --write_settings_files=off Compendium -c Compendium
quartus_sta Compendium -c Compendium
quartus_eda --read_settings_files=off --write_settings_files=off Compendium -c Compendium



