Analysis & Synthesis report for Lab4
Mon Oct 11 16:45:26 2021
Quartus II 64-Bit Version 13.0.1 Build 232 06/12/2013 Service Pack 1 SJ Web Edition


---------------------
; Table of Contents ;
---------------------
  1. Legal Notice
  2. Analysis & Synthesis Summary
  3. Analysis & Synthesis Settings
  4. Parallel Compilation
  5. Analysis & Synthesis Source Files Read
  6. Analysis & Synthesis Resource Usage Summary
  7. Analysis & Synthesis Resource Utilization by Entity
  8. Analysis & Synthesis RAM Summary
  9. Analysis & Synthesis IP Cores Summary
 10. User-Specified and Inferred Latches
 11. General Register Statistics
 12. Inverted Register Statistics
 13. Multiplexer Restructuring Statistics (Restructuring Performed)
 14. Source assignments for ram:memory|altsyncram:altsyncram_component|altsyncram_7di1:auto_generated
 15. Parameter Settings for User Entity Instance: MCU_FSM:mcu
 16. Parameter Settings for User Entity Instance: MCU_FSM:mcu|Datapath:dp
 17. Parameter Settings for User Entity Instance: MCU_FSM:mcu|Datapath:dp|Register_File:rf
 18. Parameter Settings for User Entity Instance: MCU_FSM:mcu|Datapath:dp|ALU:the_best_alu_in_kista
 19. Parameter Settings for User Entity Instance: ram:memory|altsyncram:altsyncram_component
 20. altsyncram Parameter Settings by Entity Instance
 21. Elapsed Time Per Partition
 22. Analysis & Synthesis Messages



----------------
; Legal Notice ;
----------------
Copyright (C) 1991-2013 Altera Corporation
Your use of Altera Corporation's design tools, logic functions 
and other software and tools, and its AMPP partner logic 
functions, and any output files from any of the foregoing 
(including device programming or simulation files), and any 
associated documentation or information are expressly subject 
to the terms and conditions of the Altera Program License 
Subscription Agreement, Altera MegaCore Function License 
Agreement, or other applicable license agreement, including, 
without limitation, that your use is for the sole purpose of 
programming logic devices manufactured by Altera and sold by 
Altera or its authorized distributors.  Please refer to the 
applicable agreement for further details.



+--------------------------------------------------------------------------------------+
; Analysis & Synthesis Summary                                                         ;
+------------------------------------+-------------------------------------------------+
; Analysis & Synthesis Status        ; Successful - Mon Oct 11 16:45:26 2021           ;
; Quartus II 64-Bit Version          ; 13.0.1 Build 232 06/12/2013 SP 1 SJ Web Edition ;
; Revision Name                      ; Lab4                                            ;
; Top-level Entity Name              ; Computer                                        ;
; Family                             ; Cyclone IV GX                                   ;
; Total logic elements               ; 604                                             ;
;     Total combinational functions  ; 446                                             ;
;     Dedicated logic registers      ; 197                                             ;
; Total registers                    ; 197                                             ;
; Total pins                         ; 18                                              ;
; Total virtual pins                 ; 0                                               ;
; Total memory bits                  ; 4,096                                           ;
; Embedded Multiplier 9-bit elements ; 0                                               ;
; Total GXB Receiver Channel PCS     ; 0                                               ;
; Total GXB Receiver Channel PMA     ; 0                                               ;
; Total GXB Transmitter Channel PCS  ; 0                                               ;
; Total GXB Transmitter Channel PMA  ; 0                                               ;
; Total PLLs                         ; 0                                               ;
+------------------------------------+-------------------------------------------------+


+----------------------------------------------------------------------------------------------------------------------+
; Analysis & Synthesis Settings                                                                                        ;
+----------------------------------------------------------------------------+--------------------+--------------------+
; Option                                                                     ; Setting            ; Default Value      ;
+----------------------------------------------------------------------------+--------------------+--------------------+
; Top-level entity name                                                      ; Computer           ; Lab4               ;
; Family name                                                                ; Cyclone IV GX      ; Cyclone IV GX      ;
; Use smart compilation                                                      ; Off                ; Off                ;
; Enable parallel Assembler and TimeQuest Timing Analyzer during compilation ; On                 ; On                 ;
; Enable compact report table                                                ; Off                ; Off                ;
; Restructure Multiplexers                                                   ; Auto               ; Auto               ;
; Create Debugging Nodes for IP Cores                                        ; Off                ; Off                ;
; Preserve fewer node names                                                  ; On                 ; On                 ;
; Disable OpenCore Plus hardware evaluation                                  ; Off                ; Off                ;
; Verilog Version                                                            ; Verilog_2001       ; Verilog_2001       ;
; VHDL Version                                                               ; VHDL_1993          ; VHDL_1993          ;
; State Machine Processing                                                   ; Auto               ; Auto               ;
; Safe State Machine                                                         ; Off                ; Off                ;
; Extract Verilog State Machines                                             ; On                 ; On                 ;
; Extract VHDL State Machines                                                ; On                 ; On                 ;
; Ignore Verilog initial constructs                                          ; Off                ; Off                ;
; Iteration limit for constant Verilog loops                                 ; 5000               ; 5000               ;
; Iteration limit for non-constant Verilog loops                             ; 250                ; 250                ;
; Add Pass-Through Logic to Inferred RAMs                                    ; On                 ; On                 ;
; Infer RAMs from Raw Logic                                                  ; On                 ; On                 ;
; Parallel Synthesis                                                         ; On                 ; On                 ;
; DSP Block Balancing                                                        ; Auto               ; Auto               ;
; NOT Gate Push-Back                                                         ; On                 ; On                 ;
; Power-Up Don't Care                                                        ; On                 ; On                 ;
; Remove Redundant Logic Cells                                               ; Off                ; Off                ;
; Remove Duplicate Registers                                                 ; On                 ; On                 ;
; Ignore CARRY Buffers                                                       ; Off                ; Off                ;
; Ignore CASCADE Buffers                                                     ; Off                ; Off                ;
; Ignore GLOBAL Buffers                                                      ; Off                ; Off                ;
; Ignore ROW GLOBAL Buffers                                                  ; Off                ; Off                ;
; Ignore LCELL Buffers                                                       ; Off                ; Off                ;
; Ignore SOFT Buffers                                                        ; On                 ; On                 ;
; Limit AHDL Integers to 32 Bits                                             ; Off                ; Off                ;
; Optimization Technique                                                     ; Balanced           ; Balanced           ;
; Carry Chain Length                                                         ; 70                 ; 70                 ;
; Auto Carry Chains                                                          ; On                 ; On                 ;
; Auto Open-Drain Pins                                                       ; On                 ; On                 ;
; Perform WYSIWYG Primitive Resynthesis                                      ; Off                ; Off                ;
; Auto ROM Replacement                                                       ; On                 ; On                 ;
; Auto RAM Replacement                                                       ; On                 ; On                 ;
; Auto DSP Block Replacement                                                 ; On                 ; On                 ;
; Auto Shift Register Replacement                                            ; Auto               ; Auto               ;
; Allow Shift Register Merging across Hierarchies                            ; Auto               ; Auto               ;
; Auto Clock Enable Replacement                                              ; On                 ; On                 ;
; Strict RAM Replacement                                                     ; Off                ; Off                ;
; Allow Synchronous Control Signals                                          ; On                 ; On                 ;
; Force Use of Synchronous Clear Signals                                     ; Off                ; Off                ;
; Auto RAM Block Balancing                                                   ; On                 ; On                 ;
; Auto RAM to Logic Cell Conversion                                          ; Off                ; Off                ;
; Auto Resource Sharing                                                      ; Off                ; Off                ;
; Allow Any RAM Size For Recognition                                         ; Off                ; Off                ;
; Allow Any ROM Size For Recognition                                         ; Off                ; Off                ;
; Allow Any Shift Register Size For Recognition                              ; Off                ; Off                ;
; Use LogicLock Constraints during Resource Balancing                        ; On                 ; On                 ;
; Ignore translate_off and synthesis_off directives                          ; Off                ; Off                ;
; Timing-Driven Synthesis                                                    ; On                 ; On                 ;
; Report Parameter Settings                                                  ; On                 ; On                 ;
; Report Source Assignments                                                  ; On                 ; On                 ;
; Report Connectivity Checks                                                 ; On                 ; On                 ;
; Ignore Maximum Fan-Out Assignments                                         ; Off                ; Off                ;
; Synchronization Register Chain Length                                      ; 2                  ; 2                  ;
; PowerPlay Power Optimization                                               ; Normal compilation ; Normal compilation ;
; HDL message level                                                          ; Level2             ; Level2             ;
; Suppress Register Optimization Related Messages                            ; Off                ; Off                ;
; Number of Removed Registers Reported in Synthesis Report                   ; 5000               ; 5000               ;
; Number of Swept Nodes Reported in Synthesis Report                         ; 5000               ; 5000               ;
; Number of Inverted Registers Reported in Synthesis Report                  ; 100                ; 100                ;
; Clock MUX Protection                                                       ; On                 ; On                 ;
; Auto Gated Clock Conversion                                                ; Off                ; Off                ;
; Block Design Naming                                                        ; Auto               ; Auto               ;
; SDC constraint protection                                                  ; Off                ; Off                ;
; Synthesis Effort                                                           ; Auto               ; Auto               ;
; Shift Register Replacement - Allow Asynchronous Clear Signal               ; On                 ; On                 ;
; Pre-Mapping Resynthesis Optimization                                       ; Off                ; Off                ;
; Analysis & Synthesis Message Level                                         ; Medium             ; Medium             ;
; Disable Register Merging Across Hierarchies                                ; Auto               ; Auto               ;
; Resource Aware Inference For Block RAM                                     ; On                 ; On                 ;
; Synthesis Seed                                                             ; 1                  ; 1                  ;
+----------------------------------------------------------------------------+--------------------+--------------------+


Parallel compilation was disabled, but you have multiple processors available. Enable parallel compilation to reduce compilation time.
+-------------------------------------+
; Parallel Compilation                ;
+----------------------------+--------+
; Processors                 ; Number ;
+----------------------------+--------+
; Number detected on machine ; 16     ;
; Maximum allowed            ; 1      ;
+----------------------------+--------+


+-------------------------------------------------------------------------------------------------------------------------------------------------------------------------------------+
; Analysis & Synthesis Source Files Read                                                                                                                                              ;
+----------------------------------+-----------------+----------------------------------+-----------------------------------------------------------------------------------+---------+
; File Name with User-Entered Path ; Used in Netlist ; File Type                        ; File Name with Absolute Path                                                      ; Library ;
+----------------------------------+-----------------+----------------------------------+-----------------------------------------------------------------------------------+---------+
; test_rf.vhd                      ; yes             ; User VHDL File                   ; /home/morgan/git/IL2203/Lab4/test_rf.vhd                                          ;         ;
; test_datapath.vhd                ; yes             ; User VHDL File                   ; /home/morgan/git/IL2203/Lab4/test_datapath.vhd                                    ;         ;
; test_ALU.vhd                     ; yes             ; User VHDL File                   ; /home/morgan/git/IL2203/Lab4/test_ALU.vhd                                         ;         ;
; Register_File.vhd                ; yes             ; User VHDL File                   ; /home/morgan/git/IL2203/Lab4/Register_File.vhd                                    ;         ;
; Micro_code.vhd                   ; yes             ; User VHDL File                   ; /home/morgan/git/IL2203/Lab4/Micro_code.vhd                                       ;         ;
; MCU_FSM.vhd                      ; yes             ; User VHDL File                   ; /home/morgan/git/IL2203/Lab4/MCU_FSM.vhd                                          ;         ;
; Instruction.vhd                  ; yes             ; User VHDL File                   ; /home/morgan/git/IL2203/Lab4/Instruction.vhd                                      ;         ;
; Datapath.vhd                     ; yes             ; User VHDL File                   ; /home/morgan/git/IL2203/Lab4/Datapath.vhd                                         ;         ;
; Clock_Divider.vhd                ; yes             ; User VHDL File                   ; /home/morgan/git/IL2203/Lab4/Clock_Divider.vhd                                    ;         ;
; ALU.vhd                          ; yes             ; User VHDL File                   ; /home/morgan/git/IL2203/Lab4/ALU.vhd                                              ;         ;
; ram.vhd                          ; yes             ; User Wizard-Generated File       ; /home/morgan/git/IL2203/Lab4/ram.vhd                                              ;         ;
; Computer.vhd                     ; yes             ; User VHDL File                   ; /home/morgan/git/IL2203/Lab4/Computer.vhd                                         ;         ;
; memory.mif                       ; yes             ; User Memory Initialization File  ; /home/morgan/git/IL2203/Lab4/memory.mif                                           ;         ;
; GPIO.vhd                         ; yes             ; User VHDL File                   ; /home/morgan/git/IL2203/Lab4/GPIO.vhd                                             ;         ;
; altsyncram.tdf                   ; yes             ; Megafunction                     ; /home/morgan/altera/13.0sp1/quartus/libraries/megafunctions/altsyncram.tdf        ;         ;
; stratix_ram_block.inc            ; yes             ; Megafunction                     ; /home/morgan/altera/13.0sp1/quartus/libraries/megafunctions/stratix_ram_block.inc ;         ;
; lpm_mux.inc                      ; yes             ; Megafunction                     ; /home/morgan/altera/13.0sp1/quartus/libraries/megafunctions/lpm_mux.inc           ;         ;
; lpm_decode.inc                   ; yes             ; Megafunction                     ; /home/morgan/altera/13.0sp1/quartus/libraries/megafunctions/lpm_decode.inc        ;         ;
; aglobal130.inc                   ; yes             ; Megafunction                     ; /home/morgan/altera/13.0sp1/quartus/libraries/megafunctions/aglobal130.inc        ;         ;
; a_rdenreg.inc                    ; yes             ; Megafunction                     ; /home/morgan/altera/13.0sp1/quartus/libraries/megafunctions/a_rdenreg.inc         ;         ;
; altrom.inc                       ; yes             ; Megafunction                     ; /home/morgan/altera/13.0sp1/quartus/libraries/megafunctions/altrom.inc            ;         ;
; altram.inc                       ; yes             ; Megafunction                     ; /home/morgan/altera/13.0sp1/quartus/libraries/megafunctions/altram.inc            ;         ;
; altdpram.inc                     ; yes             ; Megafunction                     ; /home/morgan/altera/13.0sp1/quartus/libraries/megafunctions/altdpram.inc          ;         ;
; db/altsyncram_7di1.tdf           ; yes             ; Auto-Generated Megafunction      ; /home/morgan/git/IL2203/Lab4/db/altsyncram_7di1.tdf                               ;         ;
+----------------------------------+-----------------+----------------------------------+-----------------------------------------------------------------------------------+---------+


+---------------------------------------------+
; Analysis & Synthesis Resource Usage Summary ;
+--------------------------+------------------+
; Resource                 ; Usage            ;
+--------------------------+------------------+
; I/O pins                 ; 18               ;
; Total memory bits        ; 4096             ;
; DSP block 9-bit elements ; 0                ;
; Maximum fan-out node     ; CLK~input        ;
; Maximum fan-out          ; 213              ;
; Total fan-out            ; 2477             ;
; Average fan-out          ; 3.56             ;
+--------------------------+------------------+


+------------------------------------------------------------------------------------------------------------------------------------------------------------------------------------------------------------------------------------------------------------------------+
; Analysis & Synthesis Resource Utilization by Entity                                                                                                                                                                                                                    ;
+-------------------------------------------+-------------------+--------------+-------------+--------------+---------+-----------+-----------+------+--------------+-------------------------------------------------------------------------------------+--------------+
; Compilation Hierarchy Node                ; LC Combinationals ; LC Registers ; Memory Bits ; DSP Elements ; DSP 9x9 ; DSP 18x18 ; DSP 36x36 ; Pins ; Virtual Pins ; Full Hierarchy Name                                                                 ; Library Name ;
+-------------------------------------------+-------------------+--------------+-------------+--------------+---------+-----------+-----------+------+--------------+-------------------------------------------------------------------------------------+--------------+
; |Computer                                 ; 446 (8)           ; 197 (0)      ; 4096        ; 0            ; 0       ; 0         ; 0         ; 18   ; 0            ; |Computer                                                                           ; work         ;
;    |GPIO:gpio_per|                        ; 0 (0)             ; 16 (16)      ; 0           ; 0            ; 0       ; 0         ; 0         ; 0    ; 0            ; |Computer|GPIO:gpio_per                                                             ; work         ;
;    |MCU_FSM:mcu|                          ; 438 (13)          ; 181 (53)     ; 0           ; 0            ; 0       ; 0         ; 0         ; 0    ; 0            ; |Computer|MCU_FSM:mcu                                                               ; work         ;
;       |Datapath:dp|                       ; 399 (105)         ; 128 (0)      ; 0           ; 0            ; 0       ; 0         ; 0         ; 0    ; 0            ; |Computer|MCU_FSM:mcu|Datapath:dp                                                   ; work         ;
;          |ALU:the_best_alu_in_kista|      ; 146 (146)         ; 0 (0)        ; 0           ; 0            ; 0       ; 0         ; 0         ; 0    ; 0            ; |Computer|MCU_FSM:mcu|Datapath:dp|ALU:the_best_alu_in_kista                         ; work         ;
;          |Register_File:rf|               ; 148 (148)         ; 128 (128)    ; 0           ; 0            ; 0       ; 0         ; 0         ; 0    ; 0            ; |Computer|MCU_FSM:mcu|Datapath:dp|Register_File:rf                                  ; work         ;
;       |micro_code:ucode|                  ; 26 (26)           ; 0 (0)        ; 0           ; 0            ; 0       ; 0         ; 0         ; 0    ; 0            ; |Computer|MCU_FSM:mcu|micro_code:ucode                                              ; work         ;
;    |ram:memory|                           ; 0 (0)             ; 0 (0)        ; 4096        ; 0            ; 0       ; 0         ; 0         ; 0    ; 0            ; |Computer|ram:memory                                                                ; work         ;
;       |altsyncram:altsyncram_component|   ; 0 (0)             ; 0 (0)        ; 4096        ; 0            ; 0       ; 0         ; 0         ; 0    ; 0            ; |Computer|ram:memory|altsyncram:altsyncram_component                                ; work         ;
;          |altsyncram_7di1:auto_generated| ; 0 (0)             ; 0 (0)        ; 4096        ; 0            ; 0       ; 0         ; 0         ; 0    ; 0            ; |Computer|ram:memory|altsyncram:altsyncram_component|altsyncram_7di1:auto_generated ; work         ;
+-------------------------------------------+-------------------+--------------+-------------+--------------+---------+-----------+-----------+------+--------------+-------------------------------------------------------------------------------------+--------------+
Note: For table entries with two numbers listed, the numbers in parentheses indicate the number of resources of the given type used by the specific entity alone. The numbers listed outside of parentheses indicate the total resources of the given type used by the specific entity and all of its sub-entities in the hierarchy.


+-------------------------------------------------------------------------------------------------------------------------------------------------------------------------------------------+
; Analysis & Synthesis RAM Summary                                                                                                                                                          ;
+--------------------------------------------------------------------------------------+------+-------------+--------------+--------------+--------------+--------------+------+------------+
; Name                                                                                 ; Type ; Mode        ; Port A Depth ; Port A Width ; Port B Depth ; Port B Width ; Size ; MIF        ;
+--------------------------------------------------------------------------------------+------+-------------+--------------+--------------+--------------+--------------+------+------------+
; ram:memory|altsyncram:altsyncram_component|altsyncram_7di1:auto_generated|ALTSYNCRAM ; AUTO ; Single Port ; 256          ; 16           ; --           ; --           ; 4096 ; memory.mif ;
+--------------------------------------------------------------------------------------+------+-------------+--------------+--------------+--------------+--------------+------+------------+


+-----------------------------------------------------------------------------------------------------------------------------+
; Analysis & Synthesis IP Cores Summary                                                                                       ;
+--------+--------------+---------+--------------+--------------+----------------------+--------------------------------------+
; Vendor ; IP Core Name ; Version ; Release Date ; License Type ; Entity Instance      ; IP Include File                      ;
+--------+--------------+---------+--------------+--------------+----------------------+--------------------------------------+
; Altera ; RAM: 1-PORT  ; 13.0    ; N/A          ; N/A          ; |Computer|ram:memory ; /home/morgan/git/IL2203/Lab4/ram.vhd ;
+--------+--------------+---------+--------------+--------------+----------------------+--------------------------------------+


+----------------------------------------------------------------------------------------------------------------------------------------------------+
; User-Specified and Inferred Latches                                                                                                                ;
+----------------------------------------------------------------+----------------------------------------------------------+------------------------+
; Latch Name                                                     ; Latch Enable Signal                                      ; Free of Timing Hazards ;
+----------------------------------------------------------------+----------------------------------------------------------+------------------------+
; MCU_FSM:mcu|Datapath:dp|ALU:the_best_alu_in_kista|sub_overflow ; MCU_FSM:mcu|Datapath:dp|ALU:the_best_alu_in_kista|Equal1 ; yes                    ;
; MCU_FSM:mcu|Datapath:dp|ALU:the_best_alu_in_kista|add_overflow ; MCU_FSM:mcu|Datapath:dp|ALU:the_best_alu_in_kista|Equal0 ; yes                    ;
; Number of user-specified and inferred latches = 2              ;                                                          ;                        ;
+----------------------------------------------------------------+----------------------------------------------------------+------------------------+
Note: All latches listed above may not be present at the end of synthesis due to various synthesis optimizations.


+------------------------------------------------------+
; General Register Statistics                          ;
+----------------------------------------------+-------+
; Statistic                                    ; Value ;
+----------------------------------------------+-------+
; Total registers                              ; 197   ;
; Number of registers using Synchronous Clear  ; 0     ;
; Number of registers using Synchronous Load   ; 0     ;
; Number of registers using Asynchronous Clear ; 50    ;
; Number of registers using Asynchronous Load  ; 0     ;
; Number of registers using Clock Enable       ; 195   ;
; Number of registers using Preset             ; 0     ;
+----------------------------------------------+-------+


+--------------------------------------------------+
; Inverted Register Statistics                     ;
+----------------------------------------+---------+
; Inverted Register                      ; Fan out ;
+----------------------------------------+---------+
; MCU_FSM:mcu|instruction_reg[14]        ; 18      ;
; MCU_FSM:mcu|instruction_reg[13]        ; 31      ;
; MCU_FSM:mcu|instruction_reg[12]        ; 18      ;
; Total number of inverted registers = 3 ;         ;
+----------------------------------------+---------+


+--------------------------------------------------------------------------------------------------------------------------------------------------------------------------------------+
; Multiplexer Restructuring Statistics (Restructuring Performed)                                                                                                                       ;
+--------------------+-----------+---------------+----------------------+------------------------+------------+------------------------------------------------------------------------+
; Multiplexer Inputs ; Bus Width ; Baseline Area ; Area if Restructured ; Saving if Restructured ; Registered ; Example Multiplexer Output                                             ;
+--------------------+-----------+---------------+----------------------+------------------------+------------+------------------------------------------------------------------------+
; 4:1                ; 16 bits   ; 32 LEs        ; 16 LEs               ; 16 LEs                 ; Yes        ; |Computer|MCU_FSM:mcu|Datapath:dp|Register_File:rf|register_arr[7][3]  ;
; 4:1                ; 16 bits   ; 32 LEs        ; 16 LEs               ; 16 LEs                 ; Yes        ; |Computer|MCU_FSM:mcu|Datapath:dp|Register_File:rf|register_arr[6][7]  ;
; 4:1                ; 16 bits   ; 32 LEs        ; 16 LEs               ; 16 LEs                 ; Yes        ; |Computer|MCU_FSM:mcu|Datapath:dp|Register_File:rf|register_arr[5][8]  ;
; 4:1                ; 16 bits   ; 32 LEs        ; 16 LEs               ; 16 LEs                 ; Yes        ; |Computer|MCU_FSM:mcu|Datapath:dp|Register_File:rf|register_arr[4][11] ;
; 4:1                ; 16 bits   ; 32 LEs        ; 16 LEs               ; 16 LEs                 ; Yes        ; |Computer|MCU_FSM:mcu|Datapath:dp|Register_File:rf|register_arr[3][15] ;
; 4:1                ; 16 bits   ; 32 LEs        ; 16 LEs               ; 16 LEs                 ; Yes        ; |Computer|MCU_FSM:mcu|Datapath:dp|Register_File:rf|register_arr[2][12] ;
; 4:1                ; 16 bits   ; 32 LEs        ; 16 LEs               ; 16 LEs                 ; Yes        ; |Computer|MCU_FSM:mcu|Datapath:dp|Register_File:rf|register_arr[1][12] ;
; 4:1                ; 16 bits   ; 32 LEs        ; 16 LEs               ; 16 LEs                 ; Yes        ; |Computer|MCU_FSM:mcu|Datapath:dp|Register_File:rf|register_arr[0][14] ;
; 3:1                ; 16 bits   ; 32 LEs        ; 32 LEs               ; 0 LEs                  ; No         ; |Computer|MCU_FSM:mcu|Datapath:dp|rf_input[8]                          ;
; 3:1                ; 3 bits    ; 6 LEs         ; 6 LEs                ; 0 LEs                  ; No         ; |Computer|MCU_FSM:mcu|micro_code:ucode|Mux5                            ;
; 3:1                ; 3 bits    ; 6 LEs         ; 6 LEs                ; 0 LEs                  ; No         ; |Computer|MCU_FSM:mcu|micro_code:ucode|Mux2                            ;
; 8:1                ; 15 bits   ; 75 LEs        ; 75 LEs               ; 0 LEs                  ; No         ; |Computer|MCU_FSM:mcu|Datapath:dp|ALU:the_best_alu_in_kista|Mux13      ;
; 9:1                ; 16 bits   ; 96 LEs        ; 96 LEs               ; 0 LEs                  ; No         ; |Computer|MCU_FSM:mcu|Datapath:dp|Register_File:rf|QA[15]              ;
; 10:1               ; 16 bits   ; 96 LEs        ; 96 LEs               ; 0 LEs                  ; No         ; |Computer|MCU_FSM:mcu|Datapath:dp|Selector18                           ;
+--------------------+-----------+---------------+----------------------+------------------------+------------+------------------------------------------------------------------------+


+--------------------------------------------------------------------------------------------------+
; Source assignments for ram:memory|altsyncram:altsyncram_component|altsyncram_7di1:auto_generated ;
+---------------------------------+--------------------+------+------------------------------------+
; Assignment                      ; Value              ; From ; To                                 ;
+---------------------------------+--------------------+------+------------------------------------+
; OPTIMIZE_POWER_DURING_SYNTHESIS ; NORMAL_COMPILATION ; -    ; -                                  ;
+---------------------------------+--------------------+------+------------------------------------+


+----------------------------------------------------------+
; Parameter Settings for User Entity Instance: MCU_FSM:mcu ;
+----------------+-------+---------------------------------+
; Parameter Name ; Value ; Type                            ;
+----------------+-------+---------------------------------+
; m              ; 3     ; Signed Integer                  ;
; n              ; 16    ; Signed Integer                  ;
+----------------+-------+---------------------------------+
Note: In order to hide this table in the UI and the text report file, please set the "Show Parameter Settings in Synthesis Report" option in "Analysis and Synthesis Settings -> More Settings" to "Off".


+----------------------------------------------------------------------+
; Parameter Settings for User Entity Instance: MCU_FSM:mcu|Datapath:dp ;
+----------------+-------+---------------------------------------------+
; Parameter Name ; Value ; Type                                        ;
+----------------+-------+---------------------------------------------+
; m              ; 3     ; Signed Integer                              ;
; n              ; 16    ; Signed Integer                              ;
+----------------+-------+---------------------------------------------+
Note: In order to hide this table in the UI and the text report file, please set the "Show Parameter Settings in Synthesis Report" option in "Analysis and Synthesis Settings -> More Settings" to "Off".


+---------------------------------------------------------------------------------------+
; Parameter Settings for User Entity Instance: MCU_FSM:mcu|Datapath:dp|Register_File:rf ;
+----------------+-------+--------------------------------------------------------------+
; Parameter Name ; Value ; Type                                                         ;
+----------------+-------+--------------------------------------------------------------+
; n              ; 16    ; Signed Integer                                               ;
; m              ; 3     ; Signed Integer                                               ;
+----------------+-------+--------------------------------------------------------------+
Note: In order to hide this table in the UI and the text report file, please set the "Show Parameter Settings in Synthesis Report" option in "Analysis and Synthesis Settings -> More Settings" to "Off".


+------------------------------------------------------------------------------------------------+
; Parameter Settings for User Entity Instance: MCU_FSM:mcu|Datapath:dp|ALU:the_best_alu_in_kista ;
+----------------+-------+-----------------------------------------------------------------------+
; Parameter Name ; Value ; Type                                                                  ;
+----------------+-------+-----------------------------------------------------------------------+
; n              ; 16    ; Signed Integer                                                        ;
+----------------+-------+-----------------------------------------------------------------------+
Note: In order to hide this table in the UI and the text report file, please set the "Show Parameter Settings in Synthesis Report" option in "Analysis and Synthesis Settings -> More Settings" to "Off".


+-----------------------------------------------------------------------------------------+
; Parameter Settings for User Entity Instance: ram:memory|altsyncram:altsyncram_component ;
+------------------------------------+----------------------+-----------------------------+
; Parameter Name                     ; Value                ; Type                        ;
+------------------------------------+----------------------+-----------------------------+
; BYTE_SIZE_BLOCK                    ; 8                    ; Untyped                     ;
; AUTO_CARRY_CHAINS                  ; ON                   ; AUTO_CARRY                  ;
; IGNORE_CARRY_BUFFERS               ; OFF                  ; IGNORE_CARRY                ;
; AUTO_CASCADE_CHAINS                ; ON                   ; AUTO_CASCADE                ;
; IGNORE_CASCADE_BUFFERS             ; OFF                  ; IGNORE_CASCADE              ;
; WIDTH_BYTEENA                      ; 1                    ; Untyped                     ;
; OPERATION_MODE                     ; SINGLE_PORT          ; Untyped                     ;
; WIDTH_A                            ; 16                   ; Signed Integer              ;
; WIDTHAD_A                          ; 8                    ; Signed Integer              ;
; NUMWORDS_A                         ; 256                  ; Signed Integer              ;
; OUTDATA_REG_A                      ; UNREGISTERED         ; Untyped                     ;
; ADDRESS_ACLR_A                     ; NONE                 ; Untyped                     ;
; OUTDATA_ACLR_A                     ; NONE                 ; Untyped                     ;
; WRCONTROL_ACLR_A                   ; NONE                 ; Untyped                     ;
; INDATA_ACLR_A                      ; NONE                 ; Untyped                     ;
; BYTEENA_ACLR_A                     ; NONE                 ; Untyped                     ;
; WIDTH_B                            ; 1                    ; Untyped                     ;
; WIDTHAD_B                          ; 1                    ; Untyped                     ;
; NUMWORDS_B                         ; 1                    ; Untyped                     ;
; INDATA_REG_B                       ; CLOCK1               ; Untyped                     ;
; WRCONTROL_WRADDRESS_REG_B          ; CLOCK1               ; Untyped                     ;
; RDCONTROL_REG_B                    ; CLOCK1               ; Untyped                     ;
; ADDRESS_REG_B                      ; CLOCK1               ; Untyped                     ;
; OUTDATA_REG_B                      ; UNREGISTERED         ; Untyped                     ;
; BYTEENA_REG_B                      ; CLOCK1               ; Untyped                     ;
; INDATA_ACLR_B                      ; NONE                 ; Untyped                     ;
; WRCONTROL_ACLR_B                   ; NONE                 ; Untyped                     ;
; ADDRESS_ACLR_B                     ; NONE                 ; Untyped                     ;
; OUTDATA_ACLR_B                     ; NONE                 ; Untyped                     ;
; RDCONTROL_ACLR_B                   ; NONE                 ; Untyped                     ;
; BYTEENA_ACLR_B                     ; NONE                 ; Untyped                     ;
; WIDTH_BYTEENA_A                    ; 1                    ; Signed Integer              ;
; WIDTH_BYTEENA_B                    ; 1                    ; Untyped                     ;
; RAM_BLOCK_TYPE                     ; AUTO                 ; Untyped                     ;
; BYTE_SIZE                          ; 8                    ; Untyped                     ;
; READ_DURING_WRITE_MODE_MIXED_PORTS ; DONT_CARE            ; Untyped                     ;
; READ_DURING_WRITE_MODE_PORT_A      ; NEW_DATA_NO_NBE_READ ; Untyped                     ;
; READ_DURING_WRITE_MODE_PORT_B      ; NEW_DATA_NO_NBE_READ ; Untyped                     ;
; INIT_FILE                          ; memory.mif           ; Untyped                     ;
; INIT_FILE_LAYOUT                   ; PORT_A               ; Untyped                     ;
; MAXIMUM_DEPTH                      ; 0                    ; Untyped                     ;
; CLOCK_ENABLE_INPUT_A               ; BYPASS               ; Untyped                     ;
; CLOCK_ENABLE_INPUT_B               ; NORMAL               ; Untyped                     ;
; CLOCK_ENABLE_OUTPUT_A              ; BYPASS               ; Untyped                     ;
; CLOCK_ENABLE_OUTPUT_B              ; NORMAL               ; Untyped                     ;
; CLOCK_ENABLE_CORE_A                ; USE_INPUT_CLKEN      ; Untyped                     ;
; CLOCK_ENABLE_CORE_B                ; USE_INPUT_CLKEN      ; Untyped                     ;
; ENABLE_ECC                         ; FALSE                ; Untyped                     ;
; ECC_PIPELINE_STAGE_ENABLED         ; FALSE                ; Untyped                     ;
; WIDTH_ECCSTATUS                    ; 3                    ; Untyped                     ;
; DEVICE_FAMILY                      ; Cyclone IV GX        ; Untyped                     ;
; CBXI_PARAMETER                     ; altsyncram_7di1      ; Untyped                     ;
+------------------------------------+----------------------+-----------------------------+
Note: In order to hide this table in the UI and the text report file, please set the "Show Parameter Settings in Synthesis Report" option in "Analysis and Synthesis Settings -> More Settings" to "Off".


+----------------------------------------------------------------------------------------+
; altsyncram Parameter Settings by Entity Instance                                       ;
+-------------------------------------------+--------------------------------------------+
; Name                                      ; Value                                      ;
+-------------------------------------------+--------------------------------------------+
; Number of entity instances                ; 1                                          ;
; Entity Instance                           ; ram:memory|altsyncram:altsyncram_component ;
;     -- OPERATION_MODE                     ; SINGLE_PORT                                ;
;     -- WIDTH_A                            ; 16                                         ;
;     -- NUMWORDS_A                         ; 256                                        ;
;     -- OUTDATA_REG_A                      ; UNREGISTERED                               ;
;     -- WIDTH_B                            ; 1                                          ;
;     -- NUMWORDS_B                         ; 1                                          ;
;     -- ADDRESS_REG_B                      ; CLOCK1                                     ;
;     -- OUTDATA_REG_B                      ; UNREGISTERED                               ;
;     -- RAM_BLOCK_TYPE                     ; AUTO                                       ;
;     -- READ_DURING_WRITE_MODE_MIXED_PORTS ; DONT_CARE                                  ;
+-------------------------------------------+--------------------------------------------+


+-------------------------------+
; Elapsed Time Per Partition    ;
+----------------+--------------+
; Partition Name ; Elapsed Time ;
+----------------+--------------+
; Top            ; 00:00:02     ;
+----------------+--------------+


+-------------------------------+
; Analysis & Synthesis Messages ;
+-------------------------------+
Info: *******************************************************************
Info: Running Quartus II 64-Bit Analysis & Synthesis
    Info: Version 13.0.1 Build 232 06/12/2013 Service Pack 1 SJ Web Edition
    Info: Processing started: Mon Oct 11 16:45:21 2021
Info: Command: quartus_map --read_settings_files=on --write_settings_files=off Lab4 -c Lab4
Warning (20028): Parallel compilation is not licensed and has been disabled
Info (12021): Found 0 design units, including 0 entities, in source file Top_Level_MCU.vhd
Info (12021): Found 2 design units, including 1 entities, in source file test_rf.vhd
    Info (12022): Found design unit 1: test-tset_tse_tes_s
    Info (12023): Found entity 1: test
Info (12021): Found 2 design units, including 1 entities, in source file test_datapath.vhd
    Info (12022): Found design unit 1: test_datapath-test
    Info (12023): Found entity 1: test_datapath
Info (12021): Found 2 design units, including 1 entities, in source file test_ALU.vhd
    Info (12022): Found design unit 1: test_ALU-test
    Info (12023): Found entity 1: test_ALU
Info (12021): Found 2 design units, including 1 entities, in source file Register_File.vhd
    Info (12022): Found design unit 1: Register_File-rf
    Info (12023): Found entity 1: Register_File
Info (12021): Found 2 design units, including 1 entities, in source file Micro_code.vhd
    Info (12022): Found design unit 1: micro_code-ROM
    Info (12023): Found entity 1: micro_code
Info (12021): Found 2 design units, including 1 entities, in source file MCU_FSM.vhd
    Info (12022): Found design unit 1: MCU_FSM-mcu
    Info (12023): Found entity 1: MCU_FSM
Info (12021): Found 1 design units, including 0 entities, in source file Instruction.vhd
    Info (12022): Found design unit 1: micro_assembly
Info (12021): Found 2 design units, including 1 entities, in source file Datapath.vhd
    Info (12022): Found design unit 1: Datapath-dp
    Info (12023): Found entity 1: Datapath
Info (12021): Found 2 design units, including 1 entities, in source file Clock_Divider.vhd
    Info (12022): Found design unit 1: Clock_Divider-count
    Info (12023): Found entity 1: Clock_Divider
Info (12021): Found 2 design units, including 1 entities, in source file ALU.vhd
    Info (12022): Found design unit 1: ALU-behave
    Info (12023): Found entity 1: ALU
Info (12021): Found 2 design units, including 1 entities, in source file ram.vhd
    Info (12022): Found design unit 1: ram-SYN
    Info (12023): Found entity 1: ram
Info (12021): Found 2 design units, including 1 entities, in source file Computer.vhd
    Info (12022): Found design unit 1: Computer-structural
    Info (12023): Found entity 1: Computer
Info (12021): Found 2 design units, including 1 entities, in source file GPIO.vhd
    Info (12022): Found design unit 1: GPIO-behave
    Info (12023): Found entity 1: GPIO
Info (12127): Elaborating entity "Computer" for the top level hierarchy
Info (12128): Elaborating entity "MCU_FSM" for hierarchy "MCU_FSM:mcu"
Info (12128): Elaborating entity "Datapath" for hierarchy "MCU_FSM:mcu|Datapath:dp"
Info (12128): Elaborating entity "Register_File" for hierarchy "MCU_FSM:mcu|Datapath:dp|Register_File:rf"
Info (12128): Elaborating entity "ALU" for hierarchy "MCU_FSM:mcu|Datapath:dp|ALU:the_best_alu_in_kista"
Warning (10631): VHDL Process Statement warning at ALU.vhd(61): inferring latch(es) for signal or variable "sub_overflow", which holds its previous value in one or more paths through the process
Warning (10631): VHDL Process Statement warning at ALU.vhd(61): inferring latch(es) for signal or variable "add_overflow", which holds its previous value in one or more paths through the process
Info (10041): Inferred latch for "add_overflow" at ALU.vhd(61)
Info (10041): Inferred latch for "sub_overflow" at ALU.vhd(61)
Info (12128): Elaborating entity "micro_code" for hierarchy "MCU_FSM:mcu|micro_code:ucode"
Info (12128): Elaborating entity "ram" for hierarchy "ram:memory"
Info (12128): Elaborating entity "altsyncram" for hierarchy "ram:memory|altsyncram:altsyncram_component"
Info (12130): Elaborated megafunction instantiation "ram:memory|altsyncram:altsyncram_component"
Info (12133): Instantiated megafunction "ram:memory|altsyncram:altsyncram_component" with the following parameter:
    Info (12134): Parameter "clock_enable_input_a" = "BYPASS"
    Info (12134): Parameter "clock_enable_output_a" = "BYPASS"
    Info (12134): Parameter "init_file" = "memory.mif"
    Info (12134): Parameter "intended_device_family" = "Cyclone IV GX"
    Info (12134): Parameter "lpm_hint" = "ENABLE_RUNTIME_MOD=NO"
    Info (12134): Parameter "lpm_type" = "altsyncram"
    Info (12134): Parameter "numwords_a" = "256"
    Info (12134): Parameter "operation_mode" = "SINGLE_PORT"
    Info (12134): Parameter "outdata_aclr_a" = "NONE"
    Info (12134): Parameter "outdata_reg_a" = "UNREGISTERED"
    Info (12134): Parameter "power_up_uninitialized" = "FALSE"
    Info (12134): Parameter "read_during_write_mode_port_a" = "NEW_DATA_NO_NBE_READ"
    Info (12134): Parameter "widthad_a" = "8"
    Info (12134): Parameter "width_a" = "16"
    Info (12134): Parameter "width_byteena_a" = "1"
Info (12021): Found 1 design units, including 1 entities, in source file db/altsyncram_7di1.tdf
    Info (12023): Found entity 1: altsyncram_7di1
Info (12128): Elaborating entity "altsyncram_7di1" for hierarchy "ram:memory|altsyncram:altsyncram_component|altsyncram_7di1:auto_generated"
Info (12128): Elaborating entity "GPIO" for hierarchy "GPIO:gpio_per"
Warning (13046): Tri-state node(s) do not directly drive top-level pin(s)
    Warning (13049): Converted tri-state buffer "MCU_FSM:mcu|Datapath:dp|OUTPUT[0]" feeding internal logic into a wire
    Warning (13049): Converted tri-state buffer "MCU_FSM:mcu|Datapath:dp|OUTPUT[1]" feeding internal logic into a wire
    Warning (13049): Converted tri-state buffer "MCU_FSM:mcu|Datapath:dp|OUTPUT[2]" feeding internal logic into a wire
    Warning (13049): Converted tri-state buffer "MCU_FSM:mcu|Datapath:dp|OUTPUT[3]" feeding internal logic into a wire
    Warning (13049): Converted tri-state buffer "MCU_FSM:mcu|Datapath:dp|OUTPUT[4]" feeding internal logic into a wire
    Warning (13049): Converted tri-state buffer "MCU_FSM:mcu|Datapath:dp|OUTPUT[5]" feeding internal logic into a wire
    Warning (13049): Converted tri-state buffer "MCU_FSM:mcu|Datapath:dp|OUTPUT[6]" feeding internal logic into a wire
    Warning (13049): Converted tri-state buffer "MCU_FSM:mcu|Datapath:dp|OUTPUT[7]" feeding internal logic into a wire
    Warning (13049): Converted tri-state buffer "MCU_FSM:mcu|Datapath:dp|OUTPUT[8]" feeding internal logic into a wire
    Warning (13049): Converted tri-state buffer "MCU_FSM:mcu|Datapath:dp|OUTPUT[9]" feeding internal logic into a wire
    Warning (13049): Converted tri-state buffer "MCU_FSM:mcu|Datapath:dp|OUTPUT[10]" feeding internal logic into a wire
    Warning (13049): Converted tri-state buffer "MCU_FSM:mcu|Datapath:dp|OUTPUT[11]" feeding internal logic into a wire
    Warning (13049): Converted tri-state buffer "MCU_FSM:mcu|Datapath:dp|OUTPUT[12]" feeding internal logic into a wire
    Warning (13049): Converted tri-state buffer "MCU_FSM:mcu|Datapath:dp|OUTPUT[13]" feeding internal logic into a wire
    Warning (13049): Converted tri-state buffer "MCU_FSM:mcu|Datapath:dp|OUTPUT[14]" feeding internal logic into a wire
    Warning (13049): Converted tri-state buffer "MCU_FSM:mcu|Datapath:dp|OUTPUT[15]" feeding internal logic into a wire
Warning (13012): Latch MCU_FSM:mcu|Datapath:dp|ALU:the_best_alu_in_kista|sub_overflow has unsafe behavior
    Warning (13013): Ports D and ENA on the latch are fed by the same signal MCU_FSM:mcu|uPC[0]
Warning (13012): Latch MCU_FSM:mcu|Datapath:dp|ALU:the_best_alu_in_kista|add_overflow has unsafe behavior
    Warning (13013): Ports D and ENA on the latch are fed by the same signal MCU_FSM:mcu|uPC[0]
Info (286030): Timing-Driven Synthesis is running
Info (16010): Generating hard_block partition "hard_block:auto_generated_inst"
    Info (16011): Adding 0 node(s), including 0 DDIO, 0 PLL, 0 transceiver and 0 LCELL
Info (21057): Implemented 670 device resources after synthesis - the final resource count might be different
    Info (21058): Implemented 2 input pins
    Info (21059): Implemented 16 output pins
    Info (21061): Implemented 636 logic cells
    Info (21064): Implemented 16 RAM segments
Info: Quartus II 64-Bit Analysis & Synthesis was successful. 0 errors, 24 warnings
    Info: Peak virtual memory: 710 megabytes
    Info: Processing ended: Mon Oct 11 16:45:26 2021
    Info: Elapsed time: 00:00:05
    Info: Total CPU time (on all processors): 00:00:05


