Flow report for Lab2
Mon Sep 27 09:56:46 2021
Quartus II 64-Bit Version 13.0.1 Build 232 06/12/2013 Service Pack 1 SJ Web Edition


---------------------
; Table of Contents ;
---------------------
  1. Legal Notice
  2. Flow Summary
  3. Flow Settings
  4. Flow Non-Default Global Settings
  5. Flow Elapsed Time
  6. Flow OS Summary
  7. Flow Log
  8. Flow Messages
  9. Flow Suppressed Messages



----------------
; Legal Notice ;
----------------
Copyright (C) 1991-2013 Altera Corporation
Your use of Altera Corporation's design tools, logic functions 
and other software and tools, and its AMPP partner logic 
functions, and any output files from any of the foregoing 
(including device programming or simulation files), and any 
associated documentation or information are expressly subject 
to the terms and conditions of the Altera Program License 
Subscription Agreement, Altera MegaCore Function License 
Agreement, or other applicable license agreement, including, 
without limitation, that your use is for the sole purpose of 
programming logic devices manufactured by Altera and sold by 
Altera or its authorized distributors.  Please refer to the 
applicable agreement for further details.



+--------------------------------------------------------------------------------------+
; Flow Summary                                                                         ;
+------------------------------------+-------------------------------------------------+
; Flow Status                        ; Successful - Mon Sep 27 09:56:46 2021           ;
; Quartus II 64-Bit Version          ; 13.0.1 Build 232 06/12/2013 SP 1 SJ Web Edition ;
; Revision Name                      ; Lab2                                            ;
; Top-level Entity Name              ; Datapath                                        ;
; Family                             ; Cyclone II                                      ;
; Device                             ; EP2C35F672C6                                    ;
; Timing Models                      ; Final                                           ;
; Total logic elements               ; 122 / 33,216 ( < 1 % )                          ;
;     Total combinational functions  ; 114 / 33,216 ( < 1 % )                          ;
;     Dedicated logic registers      ; 49 / 33,216 ( < 1 % )                           ;
; Total registers                    ; 49                                              ;
; Total pins                         ; 28 / 475 ( 6 % )                                ;
; Total virtual pins                 ; 0                                               ;
; Total memory bits                  ; 0 / 483,840 ( 0 % )                             ;
; Embedded Multiplier 9-bit elements ; 0 / 70 ( 0 % )                                  ;
; Total PLLs                         ; 0 / 4 ( 0 % )                                   ;
+------------------------------------+-------------------------------------------------+


+-----------------------------------------+
; Flow Settings                           ;
+-------------------+---------------------+
; Option            ; Setting             ;
+-------------------+---------------------+
; Start date & time ; 09/27/2021 09:56:27 ;
; Main task         ; Compilation         ;
; Revision Name     ; Lab2                ;
+-------------------+---------------------+


+--------------------------------------------------------------------------------------------------------------+
; Flow Non-Default Global Settings                                                                             ;
+--------------------------------------+------------------------+---------------+-------------+----------------+
; Assignment Name                      ; Value                  ; Default Value ; Entity Name ; Section Id     ;
+--------------------------------------+------------------------+---------------+-------------+----------------+
; COMPILER_SIGNATURE_ID                ; 0.163272938724998      ; --            ; --          ; --             ;
; EDA_DESIGN_INSTANCE_NAME             ; NA                     ; --            ; --          ; tb_alu         ;
; EDA_DESIGN_INSTANCE_NAME             ; NA                     ; --            ; --          ; tb_datapath    ;
; EDA_NATIVELINK_SIMULATION_TEST_BENCH ; tb_datapath            ; --            ; --          ; eda_simulation ;
; EDA_OUTPUT_DATA_FORMAT               ; Vhdl                   ; --            ; --          ; eda_simulation ;
; EDA_SIMULATION_TOOL                  ; ModelSim-Altera (VHDL) ; <None>        ; --          ; --             ;
; EDA_TEST_BENCH_ENABLE_STATUS         ; TEST_BENCH_MODE        ; --            ; --          ; eda_simulation ;
; EDA_TEST_BENCH_FILE                  ; test_ALU.vhd           ; --            ; --          ; tb_alu         ;
; EDA_TEST_BENCH_FILE                  ; test_datapath.vhd      ; --            ; --          ; tb_datapath    ;
; EDA_TEST_BENCH_MODULE_NAME           ; tb_alu                 ; --            ; --          ; tb_alu         ;
; EDA_TEST_BENCH_MODULE_NAME           ; tb_datapath            ; --            ; --          ; tb_datapath    ;
; EDA_TEST_BENCH_NAME                  ; tb_alu                 ; --            ; --          ; eda_simulation ;
; EDA_TEST_BENCH_NAME                  ; tb_datapath            ; --            ; --          ; eda_simulation ;
; EDA_TEST_BENCH_RUN_SIM_FOR           ; 100 ns                 ; --            ; --          ; tb_datapath    ;
; MAX_CORE_JUNCTION_TEMP               ; 85                     ; --            ; --          ; --             ;
; MIN_CORE_JUNCTION_TEMP               ; 0                      ; --            ; --          ; --             ;
; PARTITION_COLOR                      ; 16764057               ; --            ; Datapath    ; Top            ;
; PARTITION_FITTER_PRESERVATION_LEVEL  ; PLACEMENT_AND_ROUTING  ; --            ; Datapath    ; Top            ;
; PARTITION_NETLIST_TYPE               ; SOURCE                 ; --            ; Datapath    ; Top            ;
; PROJECT_OUTPUT_DIRECTORY             ; output_files           ; --            ; --          ; --             ;
; TOP_LEVEL_ENTITY                     ; Datapath               ; Lab2          ; --          ; --             ;
+--------------------------------------+------------------------+---------------+-------------+----------------+


+-------------------------------------------------------------------------------------------------------------------------------+
; Flow Elapsed Time                                                                                                             ;
+---------------------------+--------------+-------------------------+---------------------+------------------------------------+
; Module Name               ; Elapsed Time ; Average Processors Used ; Peak Virtual Memory ; Total CPU Time (on all processors) ;
+---------------------------+--------------+-------------------------+---------------------+------------------------------------+
; Analysis & Synthesis      ; 00:00:02     ; 1.0                     ; 597 MB              ; 00:00:02                           ;
; Fitter                    ; 00:00:05     ; 1.0                     ; 711 MB              ; 00:00:05                           ;
; Assembler                 ; 00:00:02     ; 1.0                     ; 545 MB              ; 00:00:02                           ;
; TimeQuest Timing Analyzer ; 00:00:01     ; 1.0                     ; 491 MB              ; 00:00:01                           ;
; EDA Netlist Writer        ; 00:00:01     ; 1.0                     ; 777 MB              ; 00:00:00                           ;
; Total                     ; 00:00:11     ; --                      ; --                  ; 00:00:10                           ;
+---------------------------+--------------+-------------------------+---------------------+------------------------------------+


+---------------------------------------------------------------------------------------------+
; Flow OS Summary                                                                             ;
+---------------------------+------------------+----------------+------------+----------------+
; Module Name               ; Machine Hostname ; OS Name        ; OS Version ; Processor type ;
+---------------------------+------------------+----------------+------------+----------------+
; Analysis & Synthesis      ; MoggeLaptop      ; Ubuntu 20.04.3 ; 20         ; x86_64         ;
; Fitter                    ; MoggeLaptop      ; Ubuntu 20.04.3 ; 20         ; x86_64         ;
; Assembler                 ; MoggeLaptop      ; Ubuntu 20.04.3 ; 20         ; x86_64         ;
; TimeQuest Timing Analyzer ; MoggeLaptop      ; Ubuntu 20.04.3 ; 20         ; x86_64         ;
; EDA Netlist Writer        ; MoggeLaptop      ; Ubuntu 20.04.3 ; 20         ; x86_64         ;
+---------------------------+------------------+----------------+------------+----------------+


------------
; Flow Log ;
------------
quartus_map --read_settings_files=on --write_settings_files=off Lab2 -c Lab2
quartus_fit --read_settings_files=off --write_settings_files=off Lab2 -c Lab2
quartus_asm --read_settings_files=off --write_settings_files=off Lab2 -c Lab2
quartus_sta Lab2 -c Lab2
quartus_eda --read_settings_files=off --write_settings_files=off Lab2 -c Lab2



